#
# A fatal error has been detected by the Java Runtime Environment:
#
#  EXCEPTION_ACCESS_VIOLATION (0xc0000005) at pc=0x00007fffeccee0a9, pid=13844, tid=6884
#
# JRE version: OpenJDK Runtime Environment Microsoft-8035246 (17.0.8+7) (build 17.0.8+7-LTS)
# Java VM: OpenJDK 64-Bit Server VM Microsoft-8035246 (17.0.8+7-LTS, mixed mode, sharing, tiered, compressed oops, compressed class ptrs, g1 gc, windows-amd64)
# Problematic frame:
# V  [jvm.dll+0x2be0a9]
#
# No core dump will be written. Minidumps are not enabled by default on client versions of Windows
#
# If you would like to submit a bug report, please visit:
#   https://github.com/microsoft/openjdk/issues
#

---------------  S U M M A R Y ------------

Command Line: -XX:MaxMetaspaceSize=512m --add-opens=java.base/java.util=ALL-UNNAMED --add-opens=java.base/java.lang=ALL-UNNAMED --add-opens=java.base/java.lang.invoke=ALL-UNNAMED --add-opens=java.prefs/java.util.prefs=ALL-UNNAMED --add-opens=java.base/java.nio.charset=ALL-UNNAMED --add-opens=java.base/java.net=ALL-UNNAMED --add-opens=java.base/java.util.concurrent.atomic=ALL-UNNAMED -Xmx2048m -Dfile.encoding=windows-1252 -Duser.country=US -Duser.language=en -Duser.variant -javaagent:C:\Users\aliaz\.gradle\wrapper\dists\gradle-8.3-all\6en3ugtfdg5xnpx44z4qbwgas\gradle-8.3\lib\agents\gradle-instrumentation-agent-8.3.jar org.gradle.launcher.daemon.bootstrap.GradleDaemon 8.3

Host: Intel(R) Core(TM) i7-6600U CPU @ 2.60GHz, 4 cores, 7G,  Windows 10 , 64 bit Build 19041 (10.0.19041.3636)
Time: Sat Jan 27 12:28:01 2024 Pakistan Standard Time elapsed time: 54.416279 seconds (0d 0h 0m 54s)

---------------  T H R E A D  ---------------

Current thread (0x000002337770d810):  JavaThread "C2 CompilerThread1" daemon [_thread_in_native, id=6884, stack(0x00000059b7600000,0x00000059b7700000)]


Current CompileTask:
C2:  54416 14089       4       org.gradle.cache.internal.AsyncCacheAccessDecoratedCache$$Lambda$512/0x000002330147e318::create (12 bytes)

Stack: [0x00000059b7600000,0x00000059b7700000],  sp=0x00000059b76fb430,  free space=1005k
Native frames: (J=compiled Java code, j=interpreted, Vv=VM code, C=native code)
V  [jvm.dll+0x2be0a9]
V  [jvm.dll+0x21ba8b]
V  [jvm.dll+0x21944b]
V  [jvm.dll+0x1a56b6]
V  [jvm.dll+0x2291ea]
V  [jvm.dll+0x22724c]
V  [jvm.dll+0x7efd0c]
V  [jvm.dll+0x7ea13a]
V  [jvm.dll+0x67ad85]
C  [ucrtbase.dll+0x21bb2]
C  [KERNEL32.DLL+0x17344]
C  [ntdll.dll+0x526b1]


siginfo: EXCEPTION_ACCESS_VIOLATION (0xc0000005), reading address 0x0000000000000028


Register to memory mapping:

RIP=0x00007fffeccee0a9 jvm.dll
RAX=0x000002337e8f3540 points into unknown readable memory: 0x0000000000000000 | 00 00 00 00 00 00 00 00
RBX=0x00000000000016d6 is an unknown value
RCX=0x0 is NULL
RDX=0x0 is NULL
RSP=0x00000059b76fb430 is pointing into the stack for thread: 0x000002337770d810
RBP=0x00000059b76fb4a0 is pointing into the stack for thread: 0x000002337770d810
RSI=0x0 is NULL
RDI=0x0000000000000047 is an unknown value
R8 =0x000000000000ffe0 is an unknown value
R9 =0x0 is NULL
R10=0x00007ff8063d0000 VCRUNTIME140.dll
R11=0x000002337e8f3560 points into unknown readable memory: 0x0000000000000000 | 00 00 00 00 00 00 00 00
R12=0x0000000000000050 is an unknown value
R13=0x0 is NULL
R14=0x0 is NULL
R15=0x00000059b76fe650 is pointing into the stack for thread: 0x000002337770d810


Registers:
RAX=0x000002337e8f3540, RBX=0x00000000000016d6, RCX=0x0000000000000000, RDX=0x0000000000000000
RSP=0x00000059b76fb430, RBP=0x00000059b76fb4a0, RSI=0x0000000000000000, RDI=0x0000000000000047
R8 =0x000000000000ffe0, R9 =0x0000000000000000, R10=0x00007ff8063d0000, R11=0x000002337e8f3560
R12=0x0000000000000050, R13=0x0000000000000000, R14=0x0000000000000000, R15=0x00000059b76fe650
RIP=0x00007fffeccee0a9, EFLAGS=0x0000000000010202

Top of Stack: (sp=0x00000059b76fb430)
0x00000059b76fb430:   00000000000016d6 0000000000000000
0x00000059b76fb440:   00000059b76fe650 00007fffecc538d1
0x00000059b76fb450:   000002337623be60 00007fff00002000
0x00000059b76fb460:   000002337e8f3540 0000023300000000
0x00000059b76fb470:   0000000000000002 000002337e91b6a0
0x00000059b76fb480:   0000000000000002 000002337623be60
0x00000059b76fb490:   0000000000000000 0000000000000000
0x00000059b76fb4a0:   0000023377b1ebe0 000002334f1798f0
0x00000059b76fb4b0:   0000000000000047 00007fffed374c08
0x00000059b76fb4c0:   00000059b76fb5d0 00007fffecc4ba8b
0x00000059b76fb4d0:   00000059b76fe650 00007fffed374c08
0x00000059b76fb4e0:   00000059b76fe650 00000059b76fb5d0
0x00000059b76fb4f0:   0000005900000000 00000059b76ff1b0
0x00000059b76fb500:   000000590000000f 00000059b76fe650
0x00000059b76fb510:   00000059b76fb680 0000023300000000
0x00000059b76fb520:   0000023300000100 00007fffed374c08 

Instructions: (pc=0x00007fffeccee0a9)
0x00007fffeccedfa9:   3b d0 75 0b ff c1 41 3b c9 7c dc 48 8b c2 c3 33
0x00007fffeccedfb9:   c0 c3 cc cc cc cc cc 48 89 5c 24 18 55 56 57 41
0x00007fffeccedfc9:   55 41 57 48 8b ec 48 83 ec 70 65 48 8b 04 25 58
0x00007fffeccedfd9:   00 00 00 48 8b f2 44 8b 05 d2 8b 90 00 4c 8b f9
0x00007fffeccedfe9:   4a 8b 1c c0 b8 50 00 00 00 80 3c 18 00 75 05 e8
0x00007fffeccedff9:   8b 6f 5d 00 b8 20 00 00 00 48 8b 04 18 48 8b 98
0x00007fffeccee009:   38 02 00 00 48 89 5d b0 c7 45 b8 04 00 00 00 48
0x00007fffeccee019:   8b 43 18 48 83 f8 df 76 18 4c 8d 05 37 a9 65 00
0x00007fffeccee029:   ba 20 00 00 00 48 8b cb e8 5a eb de ff 48 8b 43
0x00007fffeccee039:   18 48 8d 48 20 48 3b 4b 20 76 11 45 33 c0 48 8b
0x00007fffeccee049:   cb 41 8d 50 20 e8 fd e8 de ff eb 04 48 89 4b 18
0x00007fffeccee059:   44 8b 45 b8 33 d2 49 c1 e0 03 48 8b c8 48 89 45
0x00007fffeccee069:   c0 e8 e3 80 5d 00 45 33 ed 48 8d 4d d0 44 89 6d
0x00007fffeccee079:   c8 e8 01 59 56 00 41 8b 9f 40 02 00 00 41 2b 9f
0x00007fffeccee089:   68 02 00 00 44 89 6d f0 3b 5d b8 72 0b 8b d3 48
0x00007fffeccee099:   8d 4d b0 e8 6f b3 39 00 48 8b 45 c0 4c 89 2c d8
0x00007fffeccee0a9:   8b 7e 28 8b df c1 eb 05 3b 5d d0 72 0b 8b d3 48
0x00007fffeccee0b9:   8d 4d d0 e8 1f 59 56 00 48 8b 45 d8 83 e7 1f 48
0x00007fffeccee0c9:   8d 14 98 40 0f b6 cf 41 b8 01 00 00 00 41 d3 e0
0x00007fffeccee0d9:   8b 0a 8b c1 41 0b c0 89 02 41 85 c8 75 21 8b 5d
0x00007fffeccee0e9:   c8 8d 43 01 89 45 c8 3b 5d b8 72 0b 8b d3 48 8d
0x00007fffeccee0f9:   4d b0 e8 10 b3 39 00 48 8b 45 c0 48 89 34 d8 44
0x00007fffeccee109:   39 6d c8 0f 86 77 01 00 00 4c 89 a4 24 a0 00 00
0x00007fffeccee119:   00 4c 89 b4 24 a8 00 00 00 48 8b 45 c0 41 8b cd
0x00007fffeccee129:   48 8b 34 c8 8b 46 2c 25 ff 1f 00 00 3d 04 10 00
0x00007fffeccee139:   00 0f 85 a7 00 00 00 bb 01 00 00 00 39 5e 18 76
0x00007fffeccee149:   39 66 0f 1f 44 00 00 48 8b 46 08 8b cb 48 8b 14
0x00007fffeccee159:   c8 48 85 d2 74 1d 48 83 7a 10 00 74 16 80 7a 2c
0x00007fffeccee169:   84 74 10 e8 7f 7e ee ff 48 8b d0 49 8b cf e8 a4
0x00007fffeccee179:   61 f6 ff ff c3 3b 5e 18 72 cd 48 8b 5e 10 8b 46
0x00007fffeccee189:   20 4c 8d 34 c3 49 3b de 73 54 48 8b 3b 8b 47 2c
0x00007fffeccee199:   83 e0 03 3c 03 75 2e 48 8b 07 48 8b cf ff 90 88 


Stack slot to memory mapping:
stack at sp + 0 slots: 0x00000000000016d6 is an unknown value
stack at sp + 1 slots: 0x0 is NULL
stack at sp + 2 slots: 0x00000059b76fe650 is pointing into the stack for thread: 0x000002337770d810
stack at sp + 3 slots: 0x00007fffecc538d1 jvm.dll
stack at sp + 4 slots: 0x000002337623be60 points into unknown readable memory: 0x0000003800000006 | 06 00 00 00 38 00 00 00
stack at sp + 5 slots: 0x00007fff00002000 is an unknown value
stack at sp + 6 slots: 0x000002337e8f3540 points into unknown readable memory: 0x0000000000000000 | 00 00 00 00 00 00 00 00
stack at sp + 7 slots: 0x0000023300000000 is pointing into metadata


---------------  P R O C E S S  ---------------

Threads class SMR info:
_java_thread_list=0x0000023378056940, length=94, elements={
0x000002334f162680, 0x000002336ec73a60, 0x000002336ec75080, 0x000002336ec8d430,
0x000002336ec8dff0, 0x000002336ec8ebb0, 0x000002336ec91580, 0x000002336ec93ad0,
0x000002336ec98220, 0x0000023373018050, 0x000002336ec5b9b0, 0x0000023373154f60,
0x0000023374570760, 0x00000233745f2dc0, 0x00000233745f4710, 0x00000233745f32d0,
0x00000233745f37e0, 0x00000233745f3cf0, 0x00000233745f4200, 0x00000233744fcdf0,
0x00000233744fbec0, 0x00000233744fc8e0, 0x00000233744fd300, 0x00000233744fd810,
0x00000233744fa060, 0x00000233744fb4a0, 0x00000233744fa570, 0x00000233744fc3d0,
0x00000233744faf90, 0x00000233744fb9b0, 0x00000233767a76c0, 0x00000233767a4e40,
0x00000233767a9520, 0x00000233767a6ca0, 0x00000233767a5350, 0x00000233767a3a00,
0x00000233767a85f0, 0x00000233767a4930, 0x00000233767a2ad0, 0x00000233767a3f10,
0x00000233767a5860, 0x00000233767a71b0, 0x00000233767a34f0, 0x00000233767a4420,
0x00000233767a5d70, 0x00000233767a9a30, 0x00000233767a7bd0, 0x00000233767a80e0,
0x00000233767a8b00, 0x00000233767a9010, 0x00000233767a2fe0, 0x0000023375a3da40,
0x0000023375a411f0, 0x0000023375a40ce0, 0x0000023375a3e460, 0x0000023375a3cb10,
0x0000023375a407d0, 0x0000023375a3d530, 0x0000023375a43a70, 0x0000023375a3df50,
0x0000023375a42b40, 0x0000023375a44490, 0x0000023375a3e970, 0x000002337770d810,
0x0000023375a41700, 0x0000023375a42120, 0x0000023375a42630, 0x0000023375a43560,
0x0000023375a43f80, 0x0000023378ee21a0, 0x0000023378ee0340, 0x0000023378ee1c90,
0x0000023378ee0850, 0x0000023378ee3af0, 0x0000023378ee30d0, 0x0000023378ee1270,
0x0000023378ee0d60, 0x0000023378ee1780, 0x0000023378ee26b0, 0x0000023378ee2bc0,
0x0000023378ee35e0, 0x000002337df587d0, 0x000002337df536d0, 0x000002337df54b10,
0x000002337df55020, 0x000002337df582c0, 0x000002337df527a0, 0x000002337df53be0,
0x000002337df56460, 0x000002337df57db0, 0x000002337df55530, 0x000002337df52cb0,
0x000002337df578a0, 0x000002337df591f0
}

Java Threads: ( => current thread )
  0x000002334f162680 JavaThread "main" [_thread_blocked, id=14236, stack(0x00000059b2a00000,0x00000059b2b00000)]
  0x000002336ec73a60 JavaThread "Reference Handler" daemon [_thread_blocked, id=14040, stack(0x00000059b3100000,0x00000059b3200000)]
  0x000002336ec75080 JavaThread "Finalizer" daemon [_thread_blocked, id=14028, stack(0x00000059b3200000,0x00000059b3300000)]
  0x000002336ec8d430 JavaThread "Signal Dispatcher" daemon [_thread_blocked, id=13980, stack(0x00000059b3300000,0x00000059b3400000)]
  0x000002336ec8dff0 JavaThread "Attach Listener" daemon [_thread_blocked, id=13888, stack(0x00000059b3400000,0x00000059b3500000)]
  0x000002336ec8ebb0 JavaThread "Service Thread" daemon [_thread_blocked, id=13884, stack(0x00000059b3500000,0x00000059b3600000)]
  0x000002336ec91580 JavaThread "Monitor Deflation Thread" daemon [_thread_blocked, id=14024, stack(0x00000059b3600000,0x00000059b3700000)]
  0x000002336ec93ad0 JavaThread "C2 CompilerThread0" daemon [_thread_in_native, id=15168, stack(0x00000059b3700000,0x00000059b3800000)]
  0x000002336ec98220 JavaThread "C1 CompilerThread0" daemon [_thread_blocked, id=6920, stack(0x00000059b3800000,0x00000059b3900000)]
  0x0000023373018050 JavaThread "Sweeper thread" daemon [_thread_blocked, id=5188, stack(0x00000059b3900000,0x00000059b3a00000)]
  0x000002336ec5b9b0 JavaThread "Common-Cleaner" daemon [_thread_blocked, id=14016, stack(0x00000059b3a00000,0x00000059b3b00000)]
  0x0000023373154f60 JavaThread "Notification Thread" daemon [_thread_blocked, id=14076, stack(0x00000059b3b00000,0x00000059b3c00000)]
  0x0000023374570760 JavaThread "Daemon health stats" [_thread_blocked, id=9992, stack(0x00000059b4000000,0x00000059b4100000)]
  0x00000233745f2dc0 JavaThread "Incoming local TCP Connector on port 60345" [_thread_in_native, id=9368, stack(0x00000059b4100000,0x00000059b4200000)]
  0x00000233745f4710 JavaThread "Daemon periodic checks" [_thread_blocked, id=10160, stack(0x00000059b4200000,0x00000059b4300000)]
  0x00000233745f32d0 JavaThread "Daemon" [_thread_blocked, id=11984, stack(0x00000059b4300000,0x00000059b4400000)]
  0x00000233745f37e0 JavaThread "Handler for socket connection from /127.0.0.1:60345 to /127.0.0.1:60346" [_thread_in_native, id=14552, stack(0x00000059b4400000,0x00000059b4500000)]
  0x00000233745f3cf0 JavaThread "Cancel handler" [_thread_blocked, id=8364, stack(0x00000059b4500000,0x00000059b4600000)]
  0x00000233745f4200 JavaThread "Daemon worker" [_thread_blocked, id=9452, stack(0x00000059b4600000,0x00000059b4700000)]
  0x00000233744fcdf0 JavaThread "Asynchronous log dispatcher for DefaultDaemonConnection: socket connection from /127.0.0.1:60345 to /127.0.0.1:60346" [_thread_blocked, id=5956, stack(0x00000059b4700000,0x00000059b4800000)]
  0x00000233744fbec0 JavaThread "Stdin handler" [_thread_blocked, id=7784, stack(0x00000059b4800000,0x00000059b4900000)]
  0x00000233744fc8e0 JavaThread "Daemon client event forwarder" [_thread_blocked, id=3692, stack(0x00000059b4900000,0x00000059b4a00000)]
  0x00000233744fd300 JavaThread "Cache worker for journal cache (C:\Users\aliaz\.gradle\caches\journal-1)" [_thread_blocked, id=2900, stack(0x00000059b4a00000,0x00000059b4b00000)]
  0x00000233744fd810 JavaThread "File lock request listener" [_thread_in_native, id=13528, stack(0x00000059b4b00000,0x00000059b4c00000)]
  0x00000233744fa060 JavaThread "Cache worker for file hash cache (C:\Users\aliaz\.gradle\caches\8.3\fileHashes)" [_thread_blocked, id=4852, stack(0x00000059b4c00000,0x00000059b4d00000)]
  0x00000233744fb4a0 JavaThread "File watcher server" daemon [_thread_in_native, id=3884, stack(0x00000059b4d00000,0x00000059b4e00000)]
  0x00000233744fa570 JavaThread "File watcher consumer" daemon [_thread_blocked, id=3744, stack(0x00000059b4e00000,0x00000059b4f00000)]
  0x00000233744fc3d0 JavaThread "Cache worker for checksums cache (E:\Learn\React-Native\CLI\android\.gradle\8.3\checksums)" [_thread_blocked, id=7648, stack(0x00000059b4f00000,0x00000059b5000000)]
  0x00000233744faf90 JavaThread "Cache worker for file hash cache (E:\Learn\React-Native\CLI\android\.gradle\8.3\fileHashes)" [_thread_blocked, id=1008, stack(0x00000059b5000000,0x00000059b5100000)]
  0x00000233744fb9b0 JavaThread "Cache worker for cache directory md-supplier (C:\Users\aliaz\.gradle\caches\8.3\md-supplier)" [_thread_blocked, id=10108, stack(0x00000059b5100000,0x00000059b5200000)]
  0x00000233767a76c0 JavaThread "Cache worker for file content cache (C:\Users\aliaz\.gradle\caches\8.3\fileContent)" [_thread_blocked, id=5000, stack(0x00000059b5200000,0x00000059b5300000)]
  0x00000233767a4e40 JavaThread "Cache worker for cache directory md-rule (C:\Users\aliaz\.gradle\caches\8.3\md-rule)" [_thread_blocked, id=14996, stack(0x00000059b5500000,0x00000059b5600000)]
  0x00000233767a9520 JavaThread "Cache worker for execution history cache (C:\Users\aliaz\.gradle\caches\8.3\executionHistory)" [_thread_blocked, id=2760, stack(0x00000059b5600000,0x00000059b5700000)]
  0x00000233767a6ca0 JavaThread "jar transforms" [_thread_blocked, id=14652, stack(0x00000059b5700000,0x00000059b5800000)]
  0x00000233767a5350 JavaThread "jar transforms Thread 2" [_thread_blocked, id=7360, stack(0x00000059b5800000,0x00000059b5900000)]
  0x00000233767a3a00 JavaThread "jar transforms Thread 3" [_thread_blocked, id=5348, stack(0x00000059b5900000,0x00000059b5a00000)]
  0x00000233767a85f0 JavaThread "jar transforms Thread 4" [_thread_blocked, id=14368, stack(0x00000059b5a00000,0x00000059b5b00000)]
  0x00000233767a4930 JavaThread "Cache worker for kotlin-dsl (C:\Users\aliaz\.gradle\caches\8.3\kotlin-dsl)" [_thread_blocked, id=488, stack(0x00000059b5b00000,0x00000059b5c00000)]
  0x00000233767a2ad0 JavaThread "Unconstrained build operations" [_thread_blocked, id=5072, stack(0x00000059b5c00000,0x00000059b5d00000)]
  0x00000233767a3f10 JavaThread "Unconstrained build operations Thread 2" [_thread_blocked, id=12492, stack(0x00000059b5d00000,0x00000059b5e00000)]
  0x00000233767a5860 JavaThread "Cache worker for dependencies-accessors (E:\Learn\React-Native\CLI\android\.gradle\8.3\dependencies-accessors)" [_thread_blocked, id=13840, stack(0x00000059b5e00000,0x00000059b5f00000)]
  0x00000233767a71b0 JavaThread "Cache worker for Build Output Cleanup Cache (E:\Learn\React-Native\CLI\node_modules\@react-native\gradle-plugin\.gradle\buildOutputCleanup)" [_thread_blocked, id=6408, stack(0x00000059b5f00000,0x00000059b6000000)]
  0x00000233767a34f0 JavaThread "Unconstrained build operations Thread 3" [_thread_blocked, id=13576, stack(0x00000059b6000000,0x00000059b6100000)]
  0x00000233767a4420 JavaThread "Unconstrained build operations Thread 4" [_thread_blocked, id=15220, stack(0x00000059b6100000,0x00000059b6200000)]
  0x00000233767a5d70 JavaThread "Unconstrained build operations Thread 5" [_thread_blocked, id=15060, stack(0x00000059b6200000,0x00000059b6300000)]
  0x00000233767a9a30 JavaThread "Memory manager" [_thread_blocked, id=12804, stack(0x00000059b6300000,0x00000059b6400000)]
  0x00000233767a7bd0 JavaThread "Cache worker for Build Output Cleanup Cache (E:\Learn\React-Native\CLI\android\.gradle\buildOutputCleanup)" [_thread_blocked, id=14404, stack(0x00000059b6400000,0x00000059b6500000)]
  0x00000233767a80e0 JavaThread "ForkJoinPool.commonPool-worker-1" daemon [_thread_blocked, id=1732, stack(0x00000059b6500000,0x00000059b6600000)]
  0x00000233767a8b00 JavaThread "ForkJoinPool.commonPool-worker-2" daemon [_thread_blocked, id=9136, stack(0x00000059b6600000,0x00000059b6700000)]
  0x00000233767a9010 JavaThread "ForkJoinPool.commonPool-worker-3" daemon [_thread_blocked, id=13700, stack(0x00000059b6700000,0x00000059b6800000)]
  0x00000233767a2fe0 JavaThread "included builds" [_thread_blocked, id=13652, stack(0x00000059b6800000,0x00000059b6900000)]
  0x0000023375a3da40 JavaThread "Execution worker" [_thread_blocked, id=13548, stack(0x00000059b6900000,0x00000059b6a00000)]
  0x0000023375a411f0 JavaThread "Execution worker Thread 2" [_thread_in_Java, id=13704, stack(0x00000059b6a00000,0x00000059b6b00000)]
  0x0000023375a40ce0 JavaThread "Execution worker Thread 3" [_thread_blocked, id=13684, stack(0x00000059b6b00000,0x00000059b6c00000)]
  0x0000023375a3e460 JavaThread "Cache worker for execution history cache (E:\Learn\React-Native\CLI\node_modules\@react-native\gradle-plugin\.gradle\8.3\executionHistory)" [_thread_blocked, id=14164, stack(0x00000059b6c00000,0x00000059b6d00000)]
  0x0000023375a3cb10 JavaThread "Unconstrained build operations Thread 6" [_thread_blocked, id=14156, stack(0x00000059b6d00000,0x00000059b6e00000)]
  0x0000023375a407d0 JavaThread "Unconstrained build operations Thread 7" [_thread_blocked, id=13688, stack(0x00000059b6e00000,0x00000059b6f00000)]
  0x0000023375a3d530 JavaThread "Unconstrained build operations Thread 8" [_thread_blocked, id=14160, stack(0x00000059b6f00000,0x00000059b7000000)]
  0x0000023375a43a70 JavaThread "Unconstrained build operations Thread 9" [_thread_blocked, id=14152, stack(0x00000059b7000000,0x00000059b7100000)]
  0x0000023375a3df50 JavaThread "Unconstrained build operations Thread 10" [_thread_blocked, id=14192, stack(0x00000059b7100000,0x00000059b7200000)]
  0x0000023375a42b40 JavaThread "Unconstrained build operations Thread 11" [_thread_blocked, id=14140, stack(0x00000059b7200000,0x00000059b7300000)]
  0x0000023375a44490 JavaThread "Unconstrained build operations Thread 12" [_thread_blocked, id=14168, stack(0x00000059b7300000,0x00000059b7400000)]
  0x0000023375a3e970 JavaThread "Unconstrained build operations Thread 13" [_thread_blocked, id=14188, stack(0x00000059b7400000,0x00000059b7500000)]
=>0x000002337770d810 JavaThread "C2 CompilerThread1" daemon [_thread_in_native, id=6884, stack(0x00000059b7600000,0x00000059b7700000)]
  0x0000023375a41700 JavaThread "pool-3-thread-1" [_thread_blocked, id=12632, stack(0x00000059b7700000,0x00000059b7800000)]
  0x0000023375a42120 JavaThread "build event listener" [_thread_blocked, id=5068, stack(0x00000059b7800000,0x00000059b7900000)]
  0x0000023375a42630 JavaThread "Unconstrained build operations Thread 14" [_thread_blocked, id=2536, stack(0x00000059b7900000,0x00000059b7a00000)]
  0x0000023375a43560 JavaThread "Unconstrained build operations Thread 15" [_thread_blocked, id=14300, stack(0x00000059b7a00000,0x00000059b7b00000)]
  0x0000023375a43f80 JavaThread "Unconstrained build operations Thread 16" [_thread_blocked, id=14344, stack(0x00000059b7b00000,0x00000059b7c00000)]
  0x0000023378ee21a0 JavaThread "Unconstrained build operations Thread 17" [_thread_blocked, id=14832, stack(0x00000059b7c00000,0x00000059b7d00000)]
  0x0000023378ee0340 JavaThread "Unconstrained build operations Thread 18" [_thread_blocked, id=5200, stack(0x00000059b7d00000,0x00000059b7e00000)]
  0x0000023378ee1c90 JavaThread "Unconstrained build operations Thread 19" [_thread_blocked, id=2260, stack(0x00000059b7e00000,0x00000059b7f00000)]
  0x0000023378ee0850 JavaThread "Unconstrained build operations Thread 20" [_thread_blocked, id=4140, stack(0x00000059b7f00000,0x00000059b8000000)]
  0x0000023378ee3af0 JavaThread "Unconstrained build operations Thread 21" [_thread_blocked, id=12948, stack(0x00000059b8000000,0x00000059b8100000)]
  0x0000023378ee30d0 JavaThread "Unconstrained build operations Thread 22" [_thread_blocked, id=13056, stack(0x00000059b8100000,0x00000059b8200000)]
  0x0000023378ee1270 JavaThread "Unconstrained build operations Thread 23" [_thread_blocked, id=13972, stack(0x00000059b8200000,0x00000059b8300000)]
  0x0000023378ee0d60 JavaThread "Unconstrained build operations Thread 24" [_thread_blocked, id=8020, stack(0x00000059b8300000,0x00000059b8400000)]
  0x0000023378ee1780 JavaThread "Unconstrained build operations Thread 25" [_thread_blocked, id=9208, stack(0x00000059b8400000,0x00000059b8500000)]
  0x0000023378ee26b0 JavaThread "Unconstrained build operations Thread 26" [_thread_blocked, id=10328, stack(0x00000059b8500000,0x00000059b8600000)]
  0x0000023378ee2bc0 JavaThread "Unconstrained build operations Thread 27" [_thread_blocked, id=5024, stack(0x00000059b8600000,0x00000059b8700000)]
  0x0000023378ee35e0 JavaThread "Unconstrained build operations Thread 28" [_thread_blocked, id=7052, stack(0x00000059b8700000,0x00000059b8800000)]
  0x000002337df587d0 JavaThread "Unconstrained build operations Thread 29" [_thread_blocked, id=14724, stack(0x00000059b8800000,0x00000059b8900000)]
  0x000002337df536d0 JavaThread "Unconstrained build operations Thread 30" [_thread_blocked, id=11188, stack(0x00000059b8900000,0x00000059b8a00000)]
  0x000002337df54b10 JavaThread "Unconstrained build operations Thread 31" [_thread_blocked, id=32, stack(0x00000059b8a00000,0x00000059b8b00000)]
  0x000002337df55020 JavaThread "Unconstrained build operations Thread 32" [_thread_blocked, id=12108, stack(0x00000059b8b00000,0x00000059b8c00000)]
  0x000002337df582c0 JavaThread "Unconstrained build operations Thread 33" [_thread_blocked, id=10484, stack(0x00000059b8c00000,0x00000059b8d00000)]
  0x000002337df527a0 JavaThread "Unconstrained build operations Thread 34" [_thread_blocked, id=12896, stack(0x00000059b8d00000,0x00000059b8e00000)]
  0x000002337df53be0 JavaThread "Unconstrained build operations Thread 35" [_thread_blocked, id=8844, stack(0x00000059b8e00000,0x00000059b8f00000)]
  0x000002337df56460 JavaThread "Unconstrained build operations Thread 36" [_thread_blocked, id=6636, stack(0x00000059b8f00000,0x00000059b9000000)]
  0x000002337df57db0 JavaThread "Unconstrained build operations Thread 37" [_thread_blocked, id=7120, stack(0x00000059b9000000,0x00000059b9100000)]
  0x000002337df55530 JavaThread "Unconstrained build operations Thread 38" [_thread_blocked, id=8484, stack(0x00000059b9100000,0x00000059b9200000)]
  0x000002337df52cb0 JavaThread "Unconstrained build operations Thread 39" [_thread_blocked, id=15164, stack(0x00000059b9200000,0x00000059b9300000)]
  0x000002337df578a0 JavaThread "Unconstrained build operations Thread 40" [_thread_blocked, id=8060, stack(0x00000059b9300000,0x00000059b9400000)]
  0x000002337df591f0 JavaThread "Cache worker for execution history cache (E:\Learn\React-Native\CLI\android\.gradle\8.3\executionHistory)" [_thread_blocked, id=13172, stack(0x00000059b9400000,0x00000059b9500000)]

Other Threads:
  0x000002336ec6d290 VMThread "VM Thread" [stack: 0x00000059b3000000,0x00000059b3100000] [id=13852]
  0x0000023373165c30 WatcherThread [stack: 0x00000059b3c00000,0x00000059b3d00000] [id=13832]
  0x000002334f1bd9d0 GCTaskThread "GC Thread#0" [stack: 0x00000059b2b00000,0x00000059b2c00000] [id=12760]
  0x0000023373262480 GCTaskThread "GC Thread#1" [stack: 0x00000059b3d00000,0x00000059b3e00000] [id=13848]
  0x0000023373451a70 GCTaskThread "GC Thread#2" [stack: 0x00000059b3e00000,0x00000059b3f00000] [id=11352]
  0x0000023373d81950 GCTaskThread "GC Thread#3" [stack: 0x00000059b3f00000,0x00000059b4000000] [id=14944]
  0x000002334f1ce920 ConcurrentGCThread "G1 Main Marker" [stack: 0x00000059b2c00000,0x00000059b2d00000] [id=6416]
  0x000002334f1cf330 ConcurrentGCThread "G1 Conc#0" [stack: 0x00000059b2d00000,0x00000059b2e00000] [id=6344]
  0x000002334f21db70 ConcurrentGCThread "G1 Refine#0" [stack: 0x00000059b2e00000,0x00000059b2f00000] [id=14072]
  0x0000023374fa0720 ConcurrentGCThread "G1 Refine#1" [stack: 0x00000059b5300000,0x00000059b5400000] [id=7948]
  0x0000023374f49b30 ConcurrentGCThread "G1 Refine#2" [stack: 0x00000059b5400000,0x00000059b5500000] [id=14312]
  0x000002334f21e5a0 ConcurrentGCThread "G1 Service" [stack: 0x00000059b2f00000,0x00000059b3000000] [id=14068]

Threads with active compile tasks:
C2 CompilerThread0    54559 14091       4       com.google.common.collect.ImmutableMultimap$Builder::put (50 bytes)
C2 CompilerThread1    54559 14089       4       org.gradle.cache.internal.AsyncCacheAccessDecoratedCache$$Lambda$512/0x000002330147e318::create (12 bytes)

VM state: not at safepoint (normal execution)

VM Mutex/Monitor currently owned by a thread: None

Heap address: 0x0000000080000000, size: 2048 MB, Compressed Oops mode: 32-bit

CDS archive(s) mapped at: [0x0000023300000000-0x0000023300bd0000-0x0000023300bd0000), size 12386304, SharedBaseAddress: 0x0000023300000000, ArchiveRelocationMode: 1.
Compressed class space mapped at: 0x0000023301000000-0x000002331b000000, reserved size: 436207616
Narrow klass base: 0x0000023300000000, Narrow klass shift: 0, Narrow klass range: 0x100000000

GC Precious Log:
 CPUs: 4 total, 4 available
 Memory: 8067M
 Large Page Support: Disabled
 NUMA Support: Disabled
 Compressed Oops: Enabled (32-bit)
 Heap Region Size: 1M
 Heap Min Capacity: 8M
 Heap Initial Capacity: 128M
 Heap Max Capacity: 2G
 Pre-touch: Disabled
 Parallel Workers: 4
 Concurrent Workers: 1
 Concurrent Refinement Workers: 4
 Periodic GC: Disabled

Heap:
 garbage-first heap   total 189440K, used 143749K [0x0000000080000000, 0x0000000100000000)
  region size 1024K, 24 young (24576K), 5 survivors (5120K)
 Metaspace       used 97555K, committed 98368K, reserved 557056K
  class space    used 13456K, committed 13824K, reserved 425984K

Heap Regions: E=young(eden), S=young(survivor), O=old, HS=humongous(starts), HC=humongous(continues), CS=collection set, F=free, OA=open archive, CA=closed archive, TAMS=top-at-mark-start (previous, next)
|   0|0x0000000080000000, 0x0000000080100000, 0x0000000080100000|100%| O|  |TAMS 0x0000000080100000, 0x0000000080100000| Untracked 
|   1|0x0000000080100000, 0x0000000080200000, 0x0000000080200000|100%| O|  |TAMS 0x0000000080200000, 0x0000000080200000| Untracked 
|   2|0x0000000080200000, 0x0000000080300000, 0x0000000080300000|100%|HS|  |TAMS 0x0000000080300000, 0x0000000080300000| Complete 
|   3|0x0000000080300000, 0x0000000080400000, 0x0000000080400000|100%|HC|  |TAMS 0x0000000080400000, 0x0000000080400000| Complete 
|   4|0x0000000080400000, 0x0000000080500000, 0x0000000080500000|100%|HC|  |TAMS 0x0000000080500000, 0x0000000080500000| Complete 
|   5|0x0000000080500000, 0x0000000080600000, 0x0000000080600000|100%|HC|  |TAMS 0x0000000080600000, 0x0000000080600000| Complete 
|   6|0x0000000080600000, 0x0000000080700000, 0x0000000080700000|100%| O|  |TAMS 0x0000000080700000, 0x0000000080700000| Untracked 
|   7|0x0000000080700000, 0x0000000080800000, 0x0000000080800000|100%| O|  |TAMS 0x0000000080800000, 0x0000000080800000| Untracked 
|   8|0x0000000080800000, 0x0000000080900000, 0x0000000080900000|100%| O|  |TAMS 0x0000000080900000, 0x0000000080900000| Untracked 
|   9|0x0000000080900000, 0x0000000080a00000, 0x0000000080a00000|100%| O|  |TAMS 0x0000000080a00000, 0x0000000080a00000| Untracked 
|  10|0x0000000080a00000, 0x0000000080b00000, 0x0000000080b00000|100%| O|  |TAMS 0x0000000080b00000, 0x0000000080b00000| Untracked 
|  11|0x0000000080b00000, 0x0000000080c00000, 0x0000000080c00000|100%| O|  |TAMS 0x0000000080c00000, 0x0000000080c00000| Untracked 
|  12|0x0000000080c00000, 0x0000000080d00000, 0x0000000080d00000|100%| O|  |TAMS 0x0000000080d00000, 0x0000000080d00000| Untracked 
|  13|0x0000000080d00000, 0x0000000080e00000, 0x0000000080e00000|100%| O|  |TAMS 0x0000000080e00000, 0x0000000080e00000| Untracked 
|  14|0x0000000080e00000, 0x0000000080f00000, 0x0000000080f00000|100%| O|  |TAMS 0x0000000080f00000, 0x0000000080f00000| Untracked 
|  15|0x0000000080f00000, 0x0000000081000000, 0x0000000081000000|100%| O|  |TAMS 0x0000000081000000, 0x0000000081000000| Untracked 
|  16|0x0000000081000000, 0x0000000081100000, 0x0000000081100000|100%| O|  |TAMS 0x0000000081100000, 0x0000000081100000| Untracked 
|  17|0x0000000081100000, 0x0000000081200000, 0x0000000081200000|100%| O|  |TAMS 0x0000000081200000, 0x0000000081200000| Untracked 
|  18|0x0000000081200000, 0x0000000081300000, 0x0000000081300000|100%| O|  |TAMS 0x0000000081300000, 0x0000000081300000| Untracked 
|  19|0x0000000081300000, 0x00000000813ffff8, 0x0000000081400000| 99%| O|  |TAMS 0x00000000813ffff8, 0x00000000813ffff8| Untracked 
|  20|0x0000000081400000, 0x0000000081500000, 0x0000000081500000|100%| O|  |TAMS 0x0000000081500000, 0x0000000081500000| Untracked 
|  21|0x0000000081500000, 0x0000000081600000, 0x0000000081600000|100%| O|  |TAMS 0x0000000081600000, 0x0000000081600000| Untracked 
|  22|0x0000000081600000, 0x0000000081700000, 0x0000000081700000|100%| O|  |TAMS 0x0000000081700000, 0x0000000081700000| Untracked 
|  23|0x0000000081700000, 0x0000000081800000, 0x0000000081800000|100%| O|  |TAMS 0x0000000081700000, 0x0000000081800000| Untracked 
|  24|0x0000000081800000, 0x0000000081900000, 0x0000000081900000|100%| O|  |TAMS 0x0000000081900000, 0x0000000081900000| Untracked 
|  25|0x0000000081900000, 0x0000000081a00000, 0x0000000081a00000|100%| O|  |TAMS 0x0000000081a00000, 0x0000000081a00000| Untracked 
|  26|0x0000000081a00000, 0x0000000081b00000, 0x0000000081b00000|100%| O|  |TAMS 0x0000000081b00000, 0x0000000081b00000| Untracked 
|  27|0x0000000081b00000, 0x0000000081c00000, 0x0000000081c00000|100%| O|  |TAMS 0x0000000081c00000, 0x0000000081c00000| Untracked 
|  28|0x0000000081c00000, 0x0000000081d00000, 0x0000000081d00000|100%| O|  |TAMS 0x0000000081d00000, 0x0000000081d00000| Untracked 
|  29|0x0000000081d00000, 0x0000000081e00000, 0x0000000081e00000|100%|HS|  |TAMS 0x0000000081e00000, 0x0000000081e00000| Complete 
|  30|0x0000000081e00000, 0x0000000081f00000, 0x0000000081f00000|100%|HC|  |TAMS 0x0000000081f00000, 0x0000000081f00000| Complete 
|  31|0x0000000081f00000, 0x0000000082000000, 0x0000000082000000|100%|HS|  |TAMS 0x0000000082000000, 0x0000000082000000| Complete 
|  32|0x0000000082000000, 0x0000000082100000, 0x0000000082100000|100%|HC|  |TAMS 0x0000000082100000, 0x0000000082100000| Complete 
|  33|0x0000000082100000, 0x0000000082200000, 0x0000000082200000|100%| O|  |TAMS 0x0000000082200000, 0x0000000082200000| Untracked 
|  34|0x0000000082200000, 0x0000000082300000, 0x0000000082300000|100%| O|  |TAMS 0x0000000082300000, 0x0000000082300000| Untracked 
|  35|0x0000000082300000, 0x0000000082400000, 0x0000000082400000|100%| O|  |TAMS 0x0000000082400000, 0x0000000082400000| Untracked 
|  36|0x0000000082400000, 0x0000000082500000, 0x0000000082500000|100%| O|  |TAMS 0x0000000082500000, 0x0000000082500000| Untracked 
|  37|0x0000000082500000, 0x0000000082600000, 0x0000000082600000|100%| O|  |TAMS 0x0000000082600000, 0x0000000082600000| Untracked 
|  38|0x0000000082600000, 0x0000000082700000, 0x0000000082700000|100%| O|  |TAMS 0x0000000082700000, 0x0000000082700000| Untracked 
|  39|0x0000000082700000, 0x0000000082800000, 0x0000000082800000|100%| O|  |TAMS 0x0000000082800000, 0x0000000082800000| Untracked 
|  40|0x0000000082800000, 0x0000000082900000, 0x0000000082900000|100%| O|  |TAMS 0x0000000082900000, 0x0000000082900000| Untracked 
|  41|0x0000000082900000, 0x0000000082a00000, 0x0000000082a00000|100%| O|  |TAMS 0x0000000082a00000, 0x0000000082a00000| Untracked 
|  42|0x0000000082a00000, 0x0000000082b00000, 0x0000000082b00000|100%|HS|  |TAMS 0x0000000082b00000, 0x0000000082b00000| Complete 
|  43|0x0000000082b00000, 0x0000000082c00000, 0x0000000082c00000|100%|HC|  |TAMS 0x0000000082c00000, 0x0000000082c00000| Complete 
|  44|0x0000000082c00000, 0x0000000082d00000, 0x0000000082d00000|100%|HC|  |TAMS 0x0000000082d00000, 0x0000000082d00000| Complete 
|  45|0x0000000082d00000, 0x0000000082e00000, 0x0000000082e00000|100%|HC|  |TAMS 0x0000000082e00000, 0x0000000082e00000| Complete 
|  46|0x0000000082e00000, 0x0000000082f00000, 0x0000000082f00000|100%| O|  |TAMS 0x0000000082f00000, 0x0000000082f00000| Untracked 
|  47|0x0000000082f00000, 0x0000000083000000, 0x0000000083000000|100%| O|  |TAMS 0x0000000083000000, 0x0000000083000000| Untracked 
|  48|0x0000000083000000, 0x0000000083100000, 0x0000000083100000|100%| O|  |TAMS 0x0000000083100000, 0x0000000083100000| Untracked 
|  49|0x0000000083100000, 0x0000000083200000, 0x0000000083200000|100%|HS|  |TAMS 0x0000000083200000, 0x0000000083200000| Complete 
|  50|0x0000000083200000, 0x0000000083300000, 0x0000000083300000|100%|HC|  |TAMS 0x0000000083300000, 0x0000000083300000| Complete 
|  51|0x0000000083300000, 0x0000000083400000, 0x0000000083400000|100%|HC|  |TAMS 0x0000000083400000, 0x0000000083400000| Complete 
|  52|0x0000000083400000, 0x0000000083500000, 0x0000000083500000|100%|HC|  |TAMS 0x0000000083500000, 0x0000000083500000| Complete 
|  53|0x0000000083500000, 0x0000000083600000, 0x0000000083600000|100%| O|  |TAMS 0x0000000083600000, 0x0000000083600000| Untracked 
|  54|0x0000000083600000, 0x0000000083700000, 0x0000000083700000|100%| O|  |TAMS 0x0000000083700000, 0x0000000083700000| Untracked 
|  55|0x0000000083700000, 0x0000000083800000, 0x0000000083800000|100%| O|  |TAMS 0x0000000083800000, 0x0000000083800000| Untracked 
|  56|0x0000000083800000, 0x0000000083900000, 0x0000000083900000|100%| O|  |TAMS 0x0000000083900000, 0x0000000083900000| Untracked 
|  57|0x0000000083900000, 0x0000000083a00000, 0x0000000083a00000|100%| O|  |TAMS 0x0000000083a00000, 0x0000000083a00000| Untracked 
|  58|0x0000000083a00000, 0x0000000083b00000, 0x0000000083b00000|100%| O|  |TAMS 0x0000000083b00000, 0x0000000083b00000| Untracked 
|  59|0x0000000083b00000, 0x0000000083c00000, 0x0000000083c00000|100%| O|  |TAMS 0x0000000083c00000, 0x0000000083c00000| Untracked 
|  60|0x0000000083c00000, 0x0000000083d00000, 0x0000000083d00000|100%| O|  |TAMS 0x0000000083d00000, 0x0000000083d00000| Untracked 
|  61|0x0000000083d00000, 0x0000000083e00000, 0x0000000083e00000|100%| O|  |TAMS 0x0000000083e00000, 0x0000000083e00000| Untracked 
|  62|0x0000000083e00000, 0x0000000083f00000, 0x0000000083f00000|100%| O|  |TAMS 0x0000000083f00000, 0x0000000083f00000| Untracked 
|  63|0x0000000083f00000, 0x0000000084000000, 0x0000000084000000|100%|HS|  |TAMS 0x0000000084000000, 0x0000000084000000| Complete 
|  64|0x0000000084000000, 0x0000000084100000, 0x0000000084100000|100%|HS|  |TAMS 0x0000000084100000, 0x0000000084100000| Complete 
|  65|0x0000000084100000, 0x0000000084200000, 0x0000000084200000|100%|HS|  |TAMS 0x0000000084200000, 0x0000000084200000| Complete 
|  66|0x0000000084200000, 0x0000000084300000, 0x0000000084300000|100%|HS|  |TAMS 0x0000000084300000, 0x0000000084300000| Complete 
|  67|0x0000000084300000, 0x0000000084400000, 0x0000000084400000|100%| O|  |TAMS 0x0000000084400000, 0x0000000084400000| Untracked 
|  68|0x0000000084400000, 0x0000000084500000, 0x0000000084500000|100%| O|  |TAMS 0x0000000084500000, 0x0000000084500000| Untracked 
|  69|0x0000000084500000, 0x0000000084600000, 0x0000000084600000|100%| O|  |TAMS 0x0000000084600000, 0x0000000084600000| Untracked 
|  70|0x0000000084600000, 0x0000000084700000, 0x0000000084700000|100%| O|  |TAMS 0x0000000084700000, 0x0000000084700000| Untracked 
|  71|0x0000000084700000, 0x0000000084800000, 0x0000000084800000|100%| O|  |TAMS 0x0000000084800000, 0x0000000084800000| Untracked 
|  72|0x0000000084800000, 0x0000000084900000, 0x0000000084900000|100%| O|  |TAMS 0x0000000084900000, 0x0000000084900000| Untracked 
|  73|0x0000000084900000, 0x0000000084a00000, 0x0000000084a00000|100%| O|  |TAMS 0x0000000084a00000, 0x0000000084a00000| Untracked 
|  74|0x0000000084a00000, 0x0000000084b00000, 0x0000000084b00000|100%| O|  |TAMS 0x0000000084a00000, 0x0000000084b00000| Untracked 
|  75|0x0000000084b00000, 0x0000000084c00000, 0x0000000084c00000|100%| O|  |TAMS 0x0000000084c00000, 0x0000000084c00000| Untracked 
|  76|0x0000000084c00000, 0x0000000084d00000, 0x0000000084d00000|100%| O|  |TAMS 0x0000000084d00000, 0x0000000084d00000| Untracked 
|  77|0x0000000084d00000, 0x0000000084e00000, 0x0000000084e00000|100%| O|  |TAMS 0x0000000084e00000, 0x0000000084e00000| Untracked 
|  78|0x0000000084e00000, 0x0000000084f00000, 0x0000000084f00000|100%| O|  |TAMS 0x0000000084f00000, 0x0000000084f00000| Untracked 
|  79|0x0000000084f00000, 0x0000000085000000, 0x0000000085000000|100%| O|  |TAMS 0x0000000085000000, 0x0000000085000000| Untracked 
|  80|0x0000000085000000, 0x0000000085100000, 0x0000000085100000|100%| O|  |TAMS 0x0000000085100000, 0x0000000085100000| Untracked 
|  81|0x0000000085100000, 0x0000000085200000, 0x0000000085200000|100%| O|  |TAMS 0x0000000085200000, 0x0000000085200000| Untracked 
|  82|0x0000000085200000, 0x0000000085300000, 0x0000000085300000|100%| O|  |TAMS 0x0000000085300000, 0x0000000085300000| Untracked 
|  83|0x0000000085300000, 0x0000000085400000, 0x0000000085400000|100%| O|  |TAMS 0x0000000085400000, 0x0000000085400000| Untracked 
|  84|0x0000000085400000, 0x0000000085500000, 0x0000000085500000|100%| O|  |TAMS 0x0000000085500000, 0x0000000085500000| Untracked 
|  85|0x0000000085500000, 0x0000000085600000, 0x0000000085600000|100%| O|  |TAMS 0x0000000085600000, 0x0000000085600000| Untracked 
|  86|0x0000000085600000, 0x0000000085700000, 0x0000000085700000|100%| O|  |TAMS 0x0000000085700000, 0x0000000085700000| Untracked 
|  87|0x0000000085700000, 0x0000000085800000, 0x0000000085800000|100%| O|  |TAMS 0x0000000085800000, 0x0000000085800000| Untracked 
|  88|0x0000000085800000, 0x0000000085900000, 0x0000000085900000|100%| O|  |TAMS 0x0000000085900000, 0x0000000085900000| Untracked 
|  89|0x0000000085900000, 0x0000000085a00000, 0x0000000085a00000|100%| O|  |TAMS 0x0000000085a00000, 0x0000000085a00000| Untracked 
|  90|0x0000000085a00000, 0x0000000085b00000, 0x0000000085b00000|100%| O|  |TAMS 0x0000000085b00000, 0x0000000085b00000| Untracked 
|  91|0x0000000085b00000, 0x0000000085c00000, 0x0000000085c00000|100%| O|  |TAMS 0x0000000085c00000, 0x0000000085c00000| Untracked 
|  92|0x0000000085c00000, 0x0000000085d00000, 0x0000000085d00000|100%| O|  |TAMS 0x0000000085d00000, 0x0000000085d00000| Untracked 
|  93|0x0000000085d00000, 0x0000000085e00000, 0x0000000085e00000|100%| O|  |TAMS 0x0000000085e00000, 0x0000000085e00000| Untracked 
|  94|0x0000000085e00000, 0x0000000085f00000, 0x0000000085f00000|100%| O|  |TAMS 0x0000000085f00000, 0x0000000085f00000| Untracked 
|  95|0x0000000085f00000, 0x0000000086000000, 0x0000000086000000|100%| O|  |TAMS 0x0000000086000000, 0x0000000086000000| Untracked 
|  96|0x0000000086000000, 0x0000000086100000, 0x0000000086100000|100%| O|  |TAMS 0x0000000086100000, 0x0000000086100000| Untracked 
|  97|0x0000000086100000, 0x0000000086200000, 0x0000000086200000|100%| O|  |TAMS 0x0000000086200000, 0x0000000086200000| Untracked 
|  98|0x0000000086200000, 0x0000000086300000, 0x0000000086300000|100%| O|  |TAMS 0x0000000086293200, 0x0000000086300000| Untracked 
|  99|0x0000000086300000, 0x0000000086400000, 0x0000000086400000|100%| O|  |TAMS 0x0000000086300000, 0x0000000086400000| Untracked 
| 100|0x0000000086400000, 0x0000000086500000, 0x0000000086500000|100%| O|  |TAMS 0x0000000086400000, 0x0000000086500000| Untracked 
| 101|0x0000000086500000, 0x0000000086600000, 0x0000000086600000|100%| O|  |TAMS 0x0000000086500000, 0x0000000086600000| Untracked 
| 102|0x0000000086600000, 0x0000000086700000, 0x0000000086700000|100%| O|  |TAMS 0x0000000086600000, 0x0000000086700000| Untracked 
| 103|0x0000000086700000, 0x0000000086800000, 0x0000000086800000|100%| O|  |TAMS 0x0000000086700000, 0x0000000086800000| Untracked 
| 104|0x0000000086800000, 0x0000000086900000, 0x0000000086900000|100%| O|  |TAMS 0x0000000086800000, 0x0000000086900000| Untracked 
| 105|0x0000000086900000, 0x0000000086a00000, 0x0000000086a00000|100%| O|  |TAMS 0x0000000086900000, 0x0000000086a00000| Untracked 
| 106|0x0000000086a00000, 0x0000000086b00000, 0x0000000086b00000|100%| O|  |TAMS 0x0000000086a00000, 0x0000000086b00000| Untracked 
| 107|0x0000000086b00000, 0x0000000086b00000, 0x0000000086c00000|  0%| F|  |TAMS 0x0000000086b00000, 0x0000000086b00000| Untracked 
| 108|0x0000000086c00000, 0x0000000086c00000, 0x0000000086d00000|  0%| F|  |TAMS 0x0000000086c00000, 0x0000000086c00000| Untracked 
| 109|0x0000000086d00000, 0x0000000086d00000, 0x0000000086e00000|  0%| F|  |TAMS 0x0000000086d00000, 0x0000000086d00000| Untracked 
| 110|0x0000000086e00000, 0x0000000086e00000, 0x0000000086f00000|  0%| F|  |TAMS 0x0000000086e00000, 0x0000000086e00000| Untracked 
| 111|0x0000000086f00000, 0x0000000087000000, 0x0000000087000000|100%| O|  |TAMS 0x0000000086f00000, 0x0000000086f00000| Untracked 
| 112|0x0000000087000000, 0x000000008708f800, 0x0000000087100000| 56%| O|  |TAMS 0x0000000087000000, 0x0000000087000000| Untracked 
| 113|0x0000000087100000, 0x0000000087100000, 0x0000000087200000|  0%| F|  |TAMS 0x0000000087100000, 0x0000000087100000| Untracked 
| 114|0x0000000087200000, 0x0000000087200000, 0x0000000087300000|  0%| F|  |TAMS 0x0000000087200000, 0x0000000087200000| Untracked 
| 115|0x0000000087300000, 0x0000000087400000, 0x0000000087400000|100%| O|  |TAMS 0x0000000087300000, 0x0000000087400000| Untracked 
| 116|0x0000000087400000, 0x0000000087400000, 0x0000000087500000|  0%| F|  |TAMS 0x0000000087400000, 0x0000000087400000| Untracked 
| 117|0x0000000087500000, 0x0000000087500000, 0x0000000087600000|  0%| F|  |TAMS 0x0000000087500000, 0x0000000087500000| Untracked 
| 118|0x0000000087600000, 0x0000000087700000, 0x0000000087700000|100%| O|  |TAMS 0x0000000087600000, 0x0000000087700000| Untracked 
| 119|0x0000000087700000, 0x0000000087800000, 0x0000000087800000|100%| O|  |TAMS 0x0000000087700000, 0x0000000087800000| Untracked 
| 120|0x0000000087800000, 0x0000000087900000, 0x0000000087900000|100%| O|  |TAMS 0x0000000087800000, 0x0000000087900000| Untracked 
| 121|0x0000000087900000, 0x0000000087a00000, 0x0000000087a00000|100%| O|  |TAMS 0x0000000087900000, 0x0000000087a00000| Untracked 
| 122|0x0000000087a00000, 0x0000000087b00000, 0x0000000087b00000|100%| O|  |TAMS 0x0000000087a00000, 0x0000000087b00000| Untracked 
| 123|0x0000000087b00000, 0x0000000087c00000, 0x0000000087c00000|100%| O|  |TAMS 0x0000000087b00000, 0x0000000087b46e00| Untracked 
| 124|0x0000000087c00000, 0x0000000087d00000, 0x0000000087d00000|100%| O|  |TAMS 0x0000000087c00000, 0x0000000087c00000| Untracked 
| 125|0x0000000087d00000, 0x0000000087e00000, 0x0000000087e00000|100%| O|  |TAMS 0x0000000087d00000, 0x0000000087d00000| Untracked 
| 126|0x0000000087e00000, 0x0000000087f00000, 0x0000000087f00000|100%| O|  |TAMS 0x0000000087e00000, 0x0000000087e00000| Untracked 
| 127|0x0000000087f00000, 0x0000000087f00000, 0x0000000088000000|  0%| F|  |TAMS 0x0000000087f00000, 0x0000000087f00000| Untracked 
| 128|0x0000000088000000, 0x0000000088000000, 0x0000000088100000|  0%| F|  |TAMS 0x0000000088000000, 0x0000000088000000| Untracked 
| 129|0x0000000088100000, 0x0000000088100000, 0x0000000088200000|  0%| F|  |TAMS 0x0000000088100000, 0x0000000088100000| Untracked 
| 130|0x0000000088200000, 0x0000000088200000, 0x0000000088300000|  0%| F|  |TAMS 0x0000000088200000, 0x0000000088200000| Untracked 
| 131|0x0000000088300000, 0x0000000088300000, 0x0000000088400000|  0%| F|  |TAMS 0x0000000088300000, 0x0000000088300000| Untracked 
| 132|0x0000000088400000, 0x0000000088400000, 0x0000000088500000|  0%| F|  |TAMS 0x0000000088400000, 0x0000000088400000| Untracked 
| 133|0x0000000088500000, 0x0000000088500000, 0x0000000088600000|  0%| F|  |TAMS 0x0000000088500000, 0x0000000088500000| Untracked 
| 134|0x0000000088600000, 0x0000000088600000, 0x0000000088700000|  0%| F|  |TAMS 0x0000000088600000, 0x0000000088600000| Untracked 
| 135|0x0000000088700000, 0x0000000088700000, 0x0000000088800000|  0%| F|  |TAMS 0x0000000088700000, 0x0000000088700000| Untracked 
| 136|0x0000000088800000, 0x0000000088800000, 0x0000000088900000|  0%| F|  |TAMS 0x0000000088800000, 0x0000000088800000| Untracked 
| 137|0x0000000088900000, 0x0000000088900000, 0x0000000088a00000|  0%| F|  |TAMS 0x0000000088900000, 0x0000000088900000| Untracked 
| 138|0x0000000088a00000, 0x0000000088a00000, 0x0000000088b00000|  0%| F|  |TAMS 0x0000000088a00000, 0x0000000088a00000| Untracked 
| 139|0x0000000088b00000, 0x0000000088b00000, 0x0000000088c00000|  0%| F|  |TAMS 0x0000000088b00000, 0x0000000088b00000| Untracked 
| 140|0x0000000088c00000, 0x0000000088cd1f40, 0x0000000088d00000| 82%| S|CS|TAMS 0x0000000088c00000, 0x0000000088c00000| Complete 
| 141|0x0000000088d00000, 0x0000000088e00000, 0x0000000088e00000|100%| S|CS|TAMS 0x0000000088d00000, 0x0000000088d00000| Complete 
| 142|0x0000000088e00000, 0x0000000088e00000, 0x0000000088f00000|  0%| F|  |TAMS 0x0000000088e00000, 0x0000000088e00000| Untracked 
| 143|0x0000000088f00000, 0x0000000089000000, 0x0000000089000000|100%| S|CS|TAMS 0x0000000088f00000, 0x0000000088f00000| Complete 
| 144|0x0000000089000000, 0x0000000089100000, 0x0000000089100000|100%| S|CS|TAMS 0x0000000089000000, 0x0000000089000000| Complete 
| 145|0x0000000089100000, 0x0000000089200000, 0x0000000089200000|100%| S|CS|TAMS 0x0000000089100000, 0x0000000089100000| Complete 
| 146|0x0000000089200000, 0x0000000089200000, 0x0000000089300000|  0%| F|  |TAMS 0x0000000089200000, 0x0000000089200000| Untracked 
| 147|0x0000000089300000, 0x0000000089300000, 0x0000000089400000|  0%| F|  |TAMS 0x0000000089300000, 0x0000000089300000| Untracked 
| 148|0x0000000089400000, 0x0000000089400000, 0x0000000089500000|  0%| F|  |TAMS 0x0000000089400000, 0x0000000089400000| Untracked 
| 149|0x0000000089500000, 0x0000000089500000, 0x0000000089600000|  0%| F|  |TAMS 0x0000000089500000, 0x0000000089500000| Untracked 
| 150|0x0000000089600000, 0x0000000089600000, 0x0000000089700000|  0%| F|  |TAMS 0x0000000089600000, 0x0000000089600000| Untracked 
| 151|0x0000000089700000, 0x0000000089700000, 0x0000000089800000|  0%| F|  |TAMS 0x0000000089700000, 0x0000000089700000| Untracked 
| 152|0x0000000089800000, 0x0000000089800000, 0x0000000089900000|  0%| F|  |TAMS 0x0000000089800000, 0x0000000089800000| Untracked 
| 153|0x0000000089900000, 0x0000000089900000, 0x0000000089a00000|  0%| F|  |TAMS 0x0000000089900000, 0x0000000089900000| Untracked 
| 154|0x0000000089a00000, 0x0000000089a00000, 0x0000000089b00000|  0%| F|  |TAMS 0x0000000089a00000, 0x0000000089a00000| Untracked 
| 155|0x0000000089b00000, 0x0000000089b00000, 0x0000000089c00000|  0%| F|  |TAMS 0x0000000089b00000, 0x0000000089b00000| Untracked 
| 156|0x0000000089c00000, 0x0000000089c00000, 0x0000000089d00000|  0%| F|  |TAMS 0x0000000089c00000, 0x0000000089c00000| Untracked 
| 157|0x0000000089d00000, 0x0000000089d00000, 0x0000000089e00000|  0%| F|  |TAMS 0x0000000089d00000, 0x0000000089d00000| Untracked 
| 158|0x0000000089e00000, 0x0000000089e00000, 0x0000000089f00000|  0%| F|  |TAMS 0x0000000089e00000, 0x0000000089e00000| Untracked 
| 159|0x0000000089f00000, 0x0000000089f00000, 0x000000008a000000|  0%| F|  |TAMS 0x0000000089f00000, 0x0000000089f00000| Untracked 
| 160|0x000000008a000000, 0x000000008a000000, 0x000000008a100000|  0%| F|  |TAMS 0x000000008a000000, 0x000000008a000000| Untracked 
| 161|0x000000008a100000, 0x000000008a100000, 0x000000008a200000|  0%| F|  |TAMS 0x000000008a100000, 0x000000008a100000| Untracked 
| 162|0x000000008a200000, 0x000000008a200000, 0x000000008a300000|  0%| F|  |TAMS 0x000000008a200000, 0x000000008a200000| Untracked 
| 163|0x000000008a300000, 0x000000008a300000, 0x000000008a400000|  0%| F|  |TAMS 0x000000008a300000, 0x000000008a300000| Untracked 
| 164|0x000000008a400000, 0x000000008a400000, 0x000000008a500000|  0%| F|  |TAMS 0x000000008a400000, 0x000000008a400000| Untracked 
| 165|0x000000008a500000, 0x000000008a537ea0, 0x000000008a600000| 21%| E|  |TAMS 0x000000008a500000, 0x000000008a500000| Complete 
| 166|0x000000008a600000, 0x000000008a700000, 0x000000008a700000|100%| E|CS|TAMS 0x000000008a600000, 0x000000008a600000| Complete 
| 167|0x000000008a700000, 0x000000008a800000, 0x000000008a800000|100%| E|CS|TAMS 0x000000008a700000, 0x000000008a700000| Complete 
| 168|0x000000008a800000, 0x000000008a900000, 0x000000008a900000|100%| E|CS|TAMS 0x000000008a800000, 0x000000008a800000| Complete 
| 169|0x000000008a900000, 0x000000008aa00000, 0x000000008aa00000|100%| E|CS|TAMS 0x000000008a900000, 0x000000008a900000| Complete 
| 170|0x000000008aa00000, 0x000000008ab00000, 0x000000008ab00000|100%| E|CS|TAMS 0x000000008aa00000, 0x000000008aa00000| Complete 
| 171|0x000000008ab00000, 0x000000008ac00000, 0x000000008ac00000|100%| E|CS|TAMS 0x000000008ab00000, 0x000000008ab00000| Complete 
| 172|0x000000008ac00000, 0x000000008ad00000, 0x000000008ad00000|100%| E|CS|TAMS 0x000000008ac00000, 0x000000008ac00000| Complete 
| 173|0x000000008ad00000, 0x000000008ae00000, 0x000000008ae00000|100%| E|  |TAMS 0x000000008ad00000, 0x000000008ad00000| Complete 
| 174|0x000000008ae00000, 0x000000008af00000, 0x000000008af00000|100%| E|CS|TAMS 0x000000008ae00000, 0x000000008ae00000| Complete 
| 175|0x000000008af00000, 0x000000008b000000, 0x000000008b000000|100%| E|CS|TAMS 0x000000008af00000, 0x000000008af00000| Complete 
| 176|0x000000008b000000, 0x000000008b100000, 0x000000008b100000|100%| E|CS|TAMS 0x000000008b000000, 0x000000008b000000| Complete 
| 177|0x000000008b100000, 0x000000008b200000, 0x000000008b200000|100%| E|CS|TAMS 0x000000008b100000, 0x000000008b100000| Complete 
| 178|0x000000008b200000, 0x000000008b300000, 0x000000008b300000|100%| E|CS|TAMS 0x000000008b200000, 0x000000008b200000| Complete 
| 179|0x000000008b300000, 0x000000008b400000, 0x000000008b400000|100%| E|CS|TAMS 0x000000008b300000, 0x000000008b300000| Complete 
| 180|0x000000008b400000, 0x000000008b500000, 0x000000008b500000|100%| E|CS|TAMS 0x000000008b400000, 0x000000008b400000| Complete 
| 181|0x000000008b500000, 0x000000008b600000, 0x000000008b600000|100%| E|CS|TAMS 0x000000008b500000, 0x000000008b500000| Complete 
| 182|0x000000008b600000, 0x000000008b700000, 0x000000008b700000|100%| E|CS|TAMS 0x000000008b600000, 0x000000008b600000| Complete 
| 183|0x000000008b700000, 0x000000008b800000, 0x000000008b800000|100%| E|CS|TAMS 0x000000008b700000, 0x000000008b700000| Complete 
| 184|0x000000008b800000, 0x000000008b900000, 0x000000008b900000|100%| E|CS|TAMS 0x000000008b800000, 0x000000008b800000| Complete 

Card table byte_map: [0x0000023367e70000,0x0000023368270000] _byte_map_base: 0x0000023367a70000

Marking Bits (Prev, Next): (CMBitMap*) 0x000002334f1be030, (CMBitMap*) 0x000002334f1bdff0
 Prev Bits: [0x000002336a670000, 0x000002336c670000)
 Next Bits: [0x0000023368670000, 0x000002336a670000)

Polling page: 0x000002334f220000

Metaspace:

Usage:
  Non-class:     82.13 MB used.
      Class:     13.14 MB used.
       Both:     95.28 MB used.

Virtual space:
  Non-class space:      128.00 MB reserved,      82.56 MB ( 65%) committed,  2 nodes.
      Class space:      416.00 MB reserved,      13.50 MB (  3%) committed,  1 nodes.
             Both:      544.00 MB reserved,      96.06 MB ( 18%) committed. 

Chunk freelists:
   Non-Class:  13.33 MB
       Class:  2.51 MB
        Both:  15.84 MB

MaxMetaspaceSize: 512.00 MB
CompressedClassSpaceSize: 416.00 MB
Initial GC threshold: 21.00 MB
Current GC threshold: 157.50 MB
CDS: on
MetaspaceReclaimPolicy: balanced
 - commit_granule_bytes: 65536.
 - commit_granule_words: 8192.
 - virtual_space_node_default_size: 8388608.
 - enlarge_chunks_in_place: 1.
 - new_chunks_are_fully_committed: 0.
 - uncommit_free_chunks: 1.
 - use_allocation_guard: 0.
 - handle_deallocations: 1.


Internal statistics:

num_allocs_failed_limit: 6.
num_arena_births: 1088.
num_arena_deaths: 0.
num_vsnodes_births: 3.
num_vsnodes_deaths: 0.
num_space_committed: 1536.
num_space_uncommitted: 0.
num_chunks_returned_to_freelist: 6.
num_chunks_taken_from_freelist: 5221.
num_chunk_merges: 6.
num_chunk_splits: 3450.
num_chunks_enlarged: 2271.
num_inconsistent_stats: 0.

CodeHeap 'non-profiled nmethods': size=120000Kb used=7467Kb max_used=7467Kb free=112533Kb
 bounds [0x000002335ff20000, 0x0000023360670000, 0x0000023367450000]
CodeHeap 'profiled nmethods': size=120000Kb used=21161Kb max_used=22993Kb free=98838Kb
 bounds [0x0000023358450000, 0x0000023359ad0000, 0x000002335f980000]
CodeHeap 'non-nmethods': size=5760Kb used=2391Kb max_used=2506Kb free=3368Kb
 bounds [0x000002335f980000, 0x000002335fc10000, 0x000002335ff20000]
 total_blobs=12373 nmethods=11448 adapters=837
 compilation: enabled
              stopped_count=0, restarted_count=0
 full_count=0

Compilation events (20 events):
Event: 54.265 Thread 0x000002336ec98220 14083       3       com.google.common.collect.ImmutableSortedMap$Builder::put (6 bytes)
Event: 54.266 Thread 0x000002336ec98220 nmethod 14083 0x0000023358d71590 code [0x0000023358d71780, 0x0000023358d71c48]
Event: 54.297 Thread 0x000002336ec98220 14085       3       org.gradle.api.internal.artifacts.transform.AbstractTransformExecution::visitImplementations (16 bytes)
Event: 54.297 Thread 0x000002336ec98220 nmethod 14085 0x0000023358fa5c90 code [0x0000023358fa5e40, 0x0000023358fa6088]
Event: 54.302 Thread 0x000002337770d810 nmethod 14080 0x0000023360659e10 code [0x000002336065a020, 0x000002336065b058]
Event: 54.303 Thread 0x000002337770d810 14077       4       org.gradle.internal.snapshot.impl.HashCodeSnapshot::equals (6 bytes)
Event: 54.306 Thread 0x000002337770d810 nmethod 14077 0x000002336065b890 code [0x000002336065ba20, 0x000002336065bcd8]
Event: 54.306 Thread 0x000002337770d810 14081       4       jdk.internal.misc.Unsafe::copyMemory (33 bytes)
Event: 54.310 Thread 0x000002337770d810 nmethod 14081 0x000002336065be90 code [0x000002336065c020, 0x000002336065c318]
Event: 54.310 Thread 0x000002337770d810 14084       4       org.gradle.api.internal.tasks.compile.tooling.JavaCompileTaskSuccessResultPostProcessor::started (1 bytes)
Event: 54.310 Thread 0x000002337770d810 nmethod 14084 0x000002336065c610 code [0x000002336065c780, 0x000002336065c7f8]
Event: 54.310 Thread 0x000002337770d810 14078       4       org.gradle.internal.snapshot.CompositeFileSystemSnapshot::of (56 bytes)
Event: 54.314 Thread 0x000002337770d810 nmethod 14078 0x000002336065c910 code [0x000002336065cac0, 0x000002336065cda8]
Event: 54.322 Thread 0x000002337770d810 14086       4       org.gradle.api.internal.file.AbstractOpaqueFileCollection::iterator (10 bytes)
Event: 54.326 Thread 0x000002337770d810 nmethod 14086 0x000002336065d010 code [0x000002336065d1a0, 0x000002336065d3f8]
Event: 54.326 Thread 0x000002337770d810 14087       4       org.gradle.tooling.internal.provider.runner.PluginApplicationTracker::discardState (15 bytes)
Event: 54.327 Thread 0x000002337770d810 nmethod 14087 0x000002336065d610 code [0x000002336065d7a0, 0x000002336065d888]
Event: 54.327 Thread 0x000002337770d810 14088       4       org.gradle.api.internal.file.AbstractOpaqueFileCollection::visitContents (11 bytes)
Event: 54.328 Thread 0x000002337770d810 nmethod 14088 0x000002336065d990 code [0x000002336065db00, 0x000002336065dbb8]
Event: 54.328 Thread 0x000002337770d810 14089       4       org.gradle.cache.internal.AsyncCacheAccessDecoratedCache$$Lambda$512/0x000002330147e318::create (12 bytes)

GC Heap History (20 events):
Event: 45.711 GC heap before
{Heap before GC invocations=51 (full 0):
 garbage-first heap   total 189440K, used 101720K [0x0000000080000000, 0x0000000100000000)
  region size 1024K, 9 young (9216K), 8 survivors (8192K)
 Metaspace       used 93180K, committed 94016K, reserved 557056K
  class space    used 13042K, committed 13440K, reserved 425984K
}
Event: 45.724 GC heap after
{Heap after GC invocations=52 (full 0):
 garbage-first heap   total 189440K, used 100940K [0x0000000080000000, 0x0000000100000000)
  region size 1024K, 1 young (1024K), 1 survivors (1024K)
 Metaspace       used 93180K, committed 94016K, reserved 557056K
  class space    used 13042K, committed 13440K, reserved 425984K
}
Event: 47.217 GC heap before
{Heap before GC invocations=52 (full 0):
 garbage-first heap   total 189440K, used 157260K [0x0000000080000000, 0x0000000100000000)
  region size 1024K, 52 young (53248K), 1 survivors (1024K)
 Metaspace       used 95809K, committed 96640K, reserved 557056K
  class space    used 13287K, committed 13696K, reserved 425984K
}
Event: 47.229 GC heap after
{Heap after GC invocations=53 (full 0):
 garbage-first heap   total 189440K, used 106223K [0x0000000080000000, 0x0000000100000000)
  region size 1024K, 7 young (7168K), 7 survivors (7168K)
 Metaspace       used 95809K, committed 96640K, reserved 557056K
  class space    used 13287K, committed 13696K, reserved 425984K
}
Event: 48.862 GC heap before
{Heap before GC invocations=54 (full 0):
 garbage-first heap   total 189440K, used 151279K [0x0000000080000000, 0x0000000100000000)
  region size 1024K, 52 young (53248K), 7 survivors (7168K)
 Metaspace       used 96880K, committed 97728K, reserved 557056K
  class space    used 13418K, committed 13824K, reserved 425984K
}
Event: 48.875 GC heap after
{Heap after GC invocations=55 (full 0):
 garbage-first heap   total 189440K, used 109440K [0x0000000080000000, 0x0000000100000000)
  region size 1024K, 4 young (4096K), 4 survivors (4096K)
 Metaspace       used 96880K, committed 97728K, reserved 557056K
  class space    used 13418K, committed 13824K, reserved 425984K
}
Event: 48.921 GC heap before
{Heap before GC invocations=55 (full 0):
 garbage-first heap   total 189440K, used 113536K [0x0000000080000000, 0x0000000100000000)
  region size 1024K, 9 young (9216K), 4 survivors (4096K)
 Metaspace       used 96882K, committed 97728K, reserved 557056K
  class space    used 13419K, committed 13824K, reserved 425984K
}
Event: 48.927 GC heap after
{Heap after GC invocations=56 (full 0):
 garbage-first heap   total 189440K, used 110465K [0x0000000080000000, 0x0000000100000000)
  region size 1024K, 2 young (2048K), 2 survivors (2048K)
 Metaspace       used 96882K, committed 97728K, reserved 557056K
  class space    used 13419K, committed 13824K, reserved 425984K
}
Event: 50.383 GC heap before
{Heap before GC invocations=56 (full 0):
 garbage-first heap   total 189440K, used 153473K [0x0000000080000000, 0x0000000100000000)
  region size 1024K, 45 young (46080K), 2 survivors (2048K)
 Metaspace       used 96891K, committed 97728K, reserved 557056K
  class space    used 13420K, committed 13824K, reserved 425984K
}
Event: 50.389 GC heap after
{Heap after GC invocations=57 (full 0):
 garbage-first heap   total 189440K, used 112218K [0x0000000080000000, 0x0000000100000000)
  region size 1024K, 4 young (4096K), 4 survivors (4096K)
 Metaspace       used 96891K, committed 97728K, reserved 557056K
  class space    used 13420K, committed 13824K, reserved 425984K
}
Event: 51.515 GC heap before
{Heap before GC invocations=57 (full 0):
 garbage-first heap   total 189440K, used 163418K [0x0000000080000000, 0x0000000100000000)
  region size 1024K, 47 young (48128K), 4 survivors (4096K)
 Metaspace       used 97085K, committed 97920K, reserved 557056K
  class space    used 13422K, committed 13824K, reserved 425984K
}
Event: 51.524 GC heap after
{Heap after GC invocations=58 (full 0):
 garbage-first heap   total 189440K, used 116087K [0x0000000080000000, 0x0000000100000000)
  region size 1024K, 6 young (6144K), 6 survivors (6144K)
 Metaspace       used 97085K, committed 97920K, reserved 557056K
  class space    used 13422K, committed 13824K, reserved 425984K
}
Event: 52.224 GC heap before
{Heap before GC invocations=58 (full 0):
 garbage-first heap   total 189440K, used 157047K [0x0000000080000000, 0x0000000100000000)
  region size 1024K, 38 young (38912K), 6 survivors (6144K)
 Metaspace       used 97244K, committed 98112K, reserved 557056K
  class space    used 13436K, committed 13824K, reserved 425984K
}
Event: 52.237 GC heap after
{Heap after GC invocations=59 (full 0):
 garbage-first heap   total 189440K, used 121642K [0x0000000080000000, 0x0000000100000000)
  region size 1024K, 4 young (4096K), 4 survivors (4096K)
 Metaspace       used 97244K, committed 98112K, reserved 557056K
  class space    used 13436K, committed 13824K, reserved 425984K
}
Event: 52.829 GC heap before
{Heap before GC invocations=59 (full 0):
 garbage-first heap   total 189440K, used 163626K [0x0000000080000000, 0x0000000100000000)
  region size 1024K, 39 young (39936K), 4 survivors (4096K)
 Metaspace       used 97388K, committed 98176K, reserved 557056K
  class space    used 13443K, committed 13824K, reserved 425984K
}
Event: 52.840 GC heap after
{Heap after GC invocations=60 (full 0):
 garbage-first heap   total 189440K, used 123632K [0x0000000080000000, 0x0000000100000000)
  region size 1024K, 3 young (3072K), 3 survivors (3072K)
 Metaspace       used 97388K, committed 98176K, reserved 557056K
  class space    used 13443K, committed 13824K, reserved 425984K
}
Event: 53.519 GC heap before
{Heap before GC invocations=60 (full 0):
 garbage-first heap   total 189440K, used 164592K [0x0000000080000000, 0x0000000100000000)
  region size 1024K, 38 young (38912K), 3 survivors (3072K)
 Metaspace       used 97510K, committed 98304K, reserved 557056K
  class space    used 13455K, committed 13824K, reserved 425984K
}
Event: 53.527 GC heap after
{Heap after GC invocations=61 (full 0):
 garbage-first heap   total 189440K, used 123894K [0x0000000080000000, 0x0000000100000000)
  region size 1024K, 5 young (5120K), 5 survivors (5120K)
 Metaspace       used 97510K, committed 98304K, reserved 557056K
  class space    used 13455K, committed 13824K, reserved 425984K
}
Event: 54.208 GC heap before
{Heap before GC invocations=61 (full 0):
 garbage-first heap   total 189440K, used 162806K [0x0000000080000000, 0x0000000100000000)
  region size 1024K, 40 young (40960K), 5 survivors (5120K)
 Metaspace       used 97547K, committed 98368K, reserved 557056K
  class space    used 13456K, committed 13824K, reserved 425984K
}
Event: 54.218 GC heap after
{Heap after GC invocations=62 (full 0):
 garbage-first heap   total 189440K, used 126341K [0x0000000080000000, 0x0000000100000000)
  region size 1024K, 5 young (5120K), 5 survivors (5120K)
 Metaspace       used 97547K, committed 98368K, reserved 557056K
  class space    used 13456K, committed 13824K, reserved 425984K
}

Dll operation events (14 events):
Event: 0.015 Loaded shared library C:\Program Files\Microsoft\jdk-17.0.8.7-hotspot\bin\java.dll
Event: 0.041 Loaded shared library C:\Program Files\Microsoft\jdk-17.0.8.7-hotspot\bin\jsvml.dll
Event: 0.141 Loaded shared library C:\Program Files\Microsoft\jdk-17.0.8.7-hotspot\bin\zip.dll
Event: 0.147 Loaded shared library C:\Program Files\Microsoft\jdk-17.0.8.7-hotspot\bin\instrument.dll
Event: 0.154 Loaded shared library C:\Program Files\Microsoft\jdk-17.0.8.7-hotspot\bin\net.dll
Event: 0.157 Loaded shared library C:\Program Files\Microsoft\jdk-17.0.8.7-hotspot\bin\nio.dll
Event: 0.163 Loaded shared library C:\Program Files\Microsoft\jdk-17.0.8.7-hotspot\bin\zip.dll
Event: 0.609 Loaded shared library C:\Program Files\Microsoft\jdk-17.0.8.7-hotspot\bin\jimage.dll
Event: 0.741 Loaded shared library C:\Program Files\Microsoft\jdk-17.0.8.7-hotspot\bin\verify.dll
Event: 1.178 Loaded shared library C:\Users\aliaz\.gradle\native\68d5fa5c4cc2d200863cafc0d521ce42e7d3e7ee720ec0a83991735586a16f82\windows-amd64\native-platform.dll
Event: 1.202 Loaded shared library C:\Users\aliaz\.gradle\native\e376f236ea51e6404a007f0833ffe2c6e607c4080706a723a18a27aeea778392\windows-amd64\native-platform-file-events.dll
Event: 3.143 Loaded shared library C:\Program Files\Microsoft\jdk-17.0.8.7-hotspot\bin\management.dll
Event: 3.148 Loaded shared library C:\Program Files\Microsoft\jdk-17.0.8.7-hotspot\bin\management_ext.dll
Event: 4.142 Loaded shared library C:\Program Files\Microsoft\jdk-17.0.8.7-hotspot\bin\sunmscapi.dll

Deoptimization events (20 events):
Event: 54.015 Thread 0x0000023375a411f0 Uncommon trap: trap_request=0xffffff45 fr.pc=0x00000233604e7fd4 relative=0x0000000000000a34
Event: 54.015 Thread 0x0000023375a411f0 Uncommon trap: reason=unstable_if action=reinterpret pc=0x00000233604e7fd4 method=org.gradle.internal.snapshot.VfsRelativePath.lengthOfCommonPrefix(Ljava/lang/String;Lorg/gradle/internal/snapshot/CaseSensitivity;)I @ 165 c2
Event: 54.015 Thread 0x0000023375a411f0 DEOPT PACKING pc=0x00000233604e7fd4 sp=0x00000059b6afb530
Event: 54.015 Thread 0x0000023375a411f0 DEOPT UNPACKING pc=0x000002335f9d69a3 sp=0x00000059b6afb4c0 mode 2
Event: 54.101 Thread 0x00000233745f4710 Uncommon trap: trap_request=0xffffffde fr.pc=0x000002336059c590 relative=0x00000000000007d0
Event: 54.102 Thread 0x00000233745f4710 Uncommon trap: reason=class_check action=maybe_recompile pc=0x000002336059c590 method=org.gradle.internal.serialize.AbstractDecoder.readBinary()[B @ 1 c2
Event: 54.102 Thread 0x00000233745f4710 DEOPT PACKING pc=0x000002336059c590 sp=0x00000059b42fe670
Event: 54.102 Thread 0x00000233745f4710 DEOPT UNPACKING pc=0x000002335f9d69a3 sp=0x00000059b42fe650 mode 2
Event: 54.102 Thread 0x00000233745f4710 Uncommon trap: trap_request=0xffffffde fr.pc=0x000002336059c590 relative=0x00000000000007d0
Event: 54.102 Thread 0x00000233745f4710 Uncommon trap: reason=class_check action=maybe_recompile pc=0x000002336059c590 method=org.gradle.internal.serialize.AbstractDecoder.readBinary()[B @ 1 c2
Event: 54.102 Thread 0x00000233745f4710 DEOPT PACKING pc=0x000002336059c590 sp=0x00000059b42fe660
Event: 54.102 Thread 0x00000233745f4710 DEOPT UNPACKING pc=0x000002335f9d69a3 sp=0x00000059b42fe640 mode 2
Event: 54.129 Thread 0x00000233745f4710 Uncommon trap: trap_request=0xffffffde fr.pc=0x000002336059c590 relative=0x00000000000007d0
Event: 54.129 Thread 0x00000233745f4710 Uncommon trap: reason=class_check action=maybe_recompile pc=0x000002336059c590 method=org.gradle.internal.serialize.AbstractDecoder.readBinary()[B @ 1 c2
Event: 54.129 Thread 0x00000233745f4710 DEOPT PACKING pc=0x000002336059c590 sp=0x00000059b42fe7e0
Event: 54.129 Thread 0x00000233745f4710 DEOPT UNPACKING pc=0x000002335f9d69a3 sp=0x00000059b42fe7c0 mode 2
Event: 54.129 Thread 0x00000233745f4710 Uncommon trap: trap_request=0xffffffde fr.pc=0x000002336059c590 relative=0x00000000000007d0
Event: 54.129 Thread 0x00000233745f4710 Uncommon trap: reason=class_check action=maybe_recompile pc=0x000002336059c590 method=org.gradle.internal.serialize.AbstractDecoder.readBinary()[B @ 1 c2
Event: 54.129 Thread 0x00000233745f4710 DEOPT PACKING pc=0x000002336059c590 sp=0x00000059b42fe7d0
Event: 54.129 Thread 0x00000233745f4710 DEOPT UNPACKING pc=0x000002335f9d69a3 sp=0x00000059b42fe7b0 mode 2

Classes unloaded (0 events):
No events

Classes redefined (0 events):
No events

Internal exceptions (20 events):
Event: 48.717 Thread 0x0000023375a3da40 Exception <a 'java/lang/ClassNotFoundException'{0x0000000088f14188}: java/io/BufferedWriterCustomizer> (0x0000000088f14188) 
thrown [s\src\hotspot\share\classfile\systemDictionary.cpp, line 256]
Event: 48.813 Thread 0x0000023375a411f0 Exception <a 'java/lang/NoSuchMethodError'{0x0000000088fcd170}: static Lcom/android/build/api/variant/BuildConfigField;.<clinit>()V> (0x0000000088fcd170) 
thrown [s\src\hotspot\share\prims\jni.cpp, line 1107]
Event: 48.858 Thread 0x0000023375a411f0 Implicit null exception at 0x0000023360524a60 to 0x0000023360524af4
Event: 51.396 Thread 0x0000023375a411f0 Exception <a 'java/lang/NoSuchMethodError'{0x00000000896c6bc0}: static Lcom/android/build/api/variant/impl/ResValueKeyImpl;.<clinit>()V> (0x00000000896c6bc0) 
thrown [s\src\hotspot\share\prims\jni.cpp, line 1107]
Event: 51.398 Thread 0x0000023375a411f0 Exception <a 'java/lang/NoSuchMethodError'{0x00000000896d5ac0}: static Lcom/android/build/api/variant/ResValue;.<clinit>()V> (0x00000000896d5ac0) 
thrown [s\src\hotspot\share\prims\jni.cpp, line 1107]
Event: 51.569 Thread 0x0000023375a411f0 Implicit null exception at 0x00000233604f83b5 to 0x00000233604f8612
Event: 51.680 Thread 0x0000023375a411f0 Implicit null exception at 0x00000233605d2b84 to 0x00000233605d3740
Event: 51.711 Thread 0x000002337df56460 Implicit null exception at 0x00000233605d2b84 to 0x00000233605d3740
Event: 51.711 Thread 0x000002337df54b10 Implicit null exception at 0x00000233605d2b84 to 0x00000233605d3740
Event: 51.713 Thread 0x000002337df55020 Implicit null exception at 0x00000233605d2b84 to 0x00000233605d3740
Event: 51.772 Thread 0x000002337df55020 Implicit null exception at 0x00000233605e3069 to 0x00000233605e3ac8
Event: 52.150 Thread 0x0000023375a411f0 Exception <a 'java/lang/NoSuchMethodError'{0x0000000089bb7a38}: static Lcom/android/build/gradle/internal/scope/InternalArtifactType;.<clinit>()V> (0x0000000089bb7a38) 
thrown [s\src\hotspot\share\prims\jni.cpp, line 1107]
Event: 52.150 Thread 0x0000023375a411f0 Exception <a 'java/lang/NoSuchMethodError'{0x0000000089bb9178}: static Lcom/android/build/gradle/internal/scope/InternalArtifactType;.<clinit>()V> (0x0000000089bb9178) 
thrown [s\src\hotspot\share\prims\jni.cpp, line 1107]
Event: 52.152 Thread 0x0000023375a411f0 Exception <a 'java/lang/NoSuchMethodError'{0x0000000089bbc5f8}: static Lcom/android/build/api/artifact/Artifact$Single;.<clinit>()V> (0x0000000089bbc5f8) 
thrown [s\src\hotspot\share\prims\jni.cpp, line 1107]
Event: 52.153 Thread 0x0000023375a411f0 Exception <a 'java/lang/NoSuchMethodError'{0x0000000089bbee30}: static Ljava/lang/Object;.<clinit>()V> (0x0000000089bbee30) 
thrown [s\src\hotspot\share\prims\jni.cpp, line 1107]
Event: 52.156 Thread 0x0000023375a411f0 Exception <a 'java/lang/NoSuchMethodError'{0x0000000089bd8050}: static Lcom/android/build/api/artifact/ArtifactKind;.<clinit>()V> (0x0000000089bd8050) 
thrown [s\src\hotspot\share\prims\jni.cpp, line 1107]
Event: 52.156 Thread 0x0000023375a411f0 Exception <a 'java/lang/NoSuchMethodError'{0x0000000089bd94b8}: static Lcom/android/build/api/artifact/ArtifactKind;.<clinit>()V> (0x0000000089bd94b8) 
thrown [s\src\hotspot\share\prims\jni.cpp, line 1107]
Event: 52.743 Thread 0x0000023375a411f0 Exception <a 'java/lang/NoSuchMethodError'{0x0000000089308848}: static Ljava/lang/Object;.<clinit>()V> (0x0000000089308848) 
thrown [s\src\hotspot\share\prims\jni.cpp, line 1107]
Event: 52.789 Thread 0x00000233767a7bd0 Implicit null exception at 0x0000023360576b04 to 0x000002336057aa9c
Event: 52.790 Thread 0x0000023375a411f0 Exception <a 'sun/nio/fs/WindowsException'{0x00000000892630a0}> (0x00000000892630a0) 
thrown [s\src\hotspot\share\prims\jni.cpp, line 516]

VM Operations (20 events):
Event: 51.994 Executing VM operation: HandshakeAllThreads
Event: 52.014 Executing VM operation: HandshakeAllThreads done
Event: 52.172 Executing VM operation: HandshakeAllThreads
Event: 52.173 Executing VM operation: HandshakeAllThreads done
Event: 52.176 Executing VM operation: HandshakeAllThreads
Event: 52.176 Executing VM operation: HandshakeAllThreads done
Event: 52.178 Executing VM operation: HandshakeAllThreads
Event: 52.178 Executing VM operation: HandshakeAllThreads done
Event: 52.223 Executing VM operation: G1TryInitiateConcMark
Event: 52.237 Executing VM operation: G1TryInitiateConcMark done
Event: 52.271 Executing VM operation: HandshakeAllThreads
Event: 52.271 Executing VM operation: HandshakeAllThreads done
Event: 52.747 Executing VM operation: ICBufferFull
Event: 52.747 Executing VM operation: ICBufferFull done
Event: 52.829 Executing VM operation: G1TryInitiateConcMark
Event: 52.840 Executing VM operation: G1TryInitiateConcMark done
Event: 53.519 Executing VM operation: G1CollectForAllocation
Event: 53.528 Executing VM operation: G1CollectForAllocation done
Event: 54.208 Executing VM operation: G1CollectForAllocation
Event: 54.218 Executing VM operation: G1CollectForAllocation done

Events (20 events):
Event: 52.292 Thread 0x0000023373018050 flushing nmethod 0x000002335995ca10
Event: 52.292 Thread 0x0000023373018050 flushing nmethod 0x000002335995ec90
Event: 52.292 Thread 0x0000023373018050 flushing nmethod 0x000002335995f210
Event: 52.292 Thread 0x0000023373018050 flushing nmethod 0x0000023359965290
Event: 52.292 Thread 0x0000023373018050 flushing nmethod 0x0000023359968b10
Event: 52.292 Thread 0x0000023373018050 flushing nmethod 0x000002335996a290
Event: 52.292 Thread 0x0000023373018050 flushing nmethod 0x0000023359972a10
Event: 52.292 Thread 0x0000023373018050 flushing nmethod 0x0000023359973f10
Event: 52.292 Thread 0x0000023373018050 flushing nmethod 0x0000023359979c90
Event: 52.292 Thread 0x0000023373018050 flushing nmethod 0x000002335997b310
Event: 52.292 Thread 0x0000023373018050 flushing nmethod 0x000002335997bd90
Event: 52.292 Thread 0x0000023373018050 flushing nmethod 0x000002335997cd10
Event: 52.292 Thread 0x0000023373018050 flushing nmethod 0x000002335997ea90
Event: 52.292 Thread 0x0000023373018050 flushing nmethod 0x0000023359989a90
Event: 52.292 Thread 0x0000023373018050 flushing nmethod 0x000002335998de10
Event: 52.292 Thread 0x0000023373018050 flushing nmethod 0x0000023359993090
Event: 52.292 Thread 0x0000023373018050 flushing nmethod 0x0000023359994390
Event: 52.292 Thread 0x0000023373018050 flushing nmethod 0x000002335999ed90
Event: 52.292 Thread 0x0000023373018050 flushing nmethod 0x000002335999f910
Event: 52.293 Thread 0x0000023373018050 flushing nmethod 0x0000023359a58290


Dynamic libraries:
0x00007ff6ad7a0000 - 0x00007ff6ad7ae000 	C:\Program Files\Microsoft\jdk-17.0.8.7-hotspot\bin\java.exe
0x00007ff82c210000 - 0x00007ff82c408000 	C:\Windows\SYSTEM32\ntdll.dll
0x00007ff82b010000 - 0x00007ff82b0cd000 	C:\Windows\System32\KERNEL32.DLL
0x00007ff829910000 - 0x00007ff829c06000 	C:\Windows\System32\KERNELBASE.dll
0x00007ff829ed0000 - 0x00007ff829fd0000 	C:\Windows\System32\ucrtbase.dll
0x00007ff805510000 - 0x00007ff805527000 	C:\Program Files\Microsoft\jdk-17.0.8.7-hotspot\bin\jli.dll
0x00007ff82bb70000 - 0x00007ff82bd0e000 	C:\Windows\System32\USER32.dll
0x00007ff829cb0000 - 0x00007ff829cd2000 	C:\Windows\System32\win32u.dll
0x00007ff8063d0000 - 0x00007ff8063eb000 	C:\Program Files\Microsoft\jdk-17.0.8.7-hotspot\bin\VCRUNTIME140.dll
0x00007ff82b930000 - 0x00007ff82b95c000 	C:\Windows\System32\GDI32.dll
0x00007ff82a040000 - 0x00007ff82a15a000 	C:\Windows\System32\gdi32full.dll
0x00007ff829c10000 - 0x00007ff829cad000 	C:\Windows\System32\msvcp_win.dll
0x00007ff814fc0000 - 0x00007ff81525a000 	C:\Windows\WinSxS\amd64_microsoft.windows.common-controls_6595b64144ccf1df_6.0.19041.3636_none_60b6a03d71f818d5\COMCTL32.dll
0x00007ff82b200000 - 0x00007ff82b29e000 	C:\Windows\System32\msvcrt.dll
0x00007ff82bb40000 - 0x00007ff82bb70000 	C:\Windows\System32\IMM32.DLL
0x00007ff80f080000 - 0x00007ff80f08c000 	C:\Program Files\Microsoft\jdk-17.0.8.7-hotspot\bin\vcruntime140_1.dll
0x00007fffef850000 - 0x00007fffef8dd000 	C:\Program Files\Microsoft\jdk-17.0.8.7-hotspot\bin\msvcp140.dll
0x00007fffeca30000 - 0x00007fffed695000 	C:\Program Files\Microsoft\jdk-17.0.8.7-hotspot\bin\server\jvm.dll
0x00007ff82b140000 - 0x00007ff82b1f3000 	C:\Windows\System32\ADVAPI32.dll
0x00007ff82bfa0000 - 0x00007ff82c03f000 	C:\Windows\System32\sechost.dll
0x00007ff82bdf0000 - 0x00007ff82bf16000 	C:\Windows\System32\RPCRT4.dll
0x00007ff8298e0000 - 0x00007ff829907000 	C:\Windows\System32\bcrypt.dll
0x00007ff828e40000 - 0x00007ff828e8b000 	C:\Windows\SYSTEM32\POWRPROF.dll
0x00007fffe3870000 - 0x00007fffe3879000 	C:\Windows\SYSTEM32\WSOCK32.dll
0x00007ff82b8c0000 - 0x00007ff82b92b000 	C:\Windows\System32\WS2_32.dll
0x00007ff821530000 - 0x00007ff821557000 	C:\Windows\SYSTEM32\WINMM.dll
0x00007ff820820000 - 0x00007ff82082a000 	C:\Windows\SYSTEM32\VERSION.dll
0x00007ff828cb0000 - 0x00007ff828cc2000 	C:\Windows\SYSTEM32\UMPDC.dll
0x00007ff8280e0000 - 0x00007ff8280f2000 	C:\Windows\SYSTEM32\kernel.appcore.dll
0x00007ff80efd0000 - 0x00007ff80efda000 	C:\Program Files\Microsoft\jdk-17.0.8.7-hotspot\bin\jimage.dll
0x00007ff809270000 - 0x00007ff809454000 	C:\Windows\SYSTEM32\DBGHELP.DLL
0x00007ff809230000 - 0x00007ff809264000 	C:\Windows\SYSTEM32\dbgcore.DLL
0x00007ff829e40000 - 0x00007ff829ec2000 	C:\Windows\System32\bcryptPrimitives.dll
0x00007ff80da40000 - 0x00007ff80da4e000 	C:\Program Files\Microsoft\jdk-17.0.8.7-hotspot\bin\instrument.dll
0x00007ffffa2c0000 - 0x00007ffffa2e5000 	C:\Program Files\Microsoft\jdk-17.0.8.7-hotspot\bin\java.dll
0x00007fffec950000 - 0x00007fffeca27000 	C:\Program Files\Microsoft\jdk-17.0.8.7-hotspot\bin\jsvml.dll
0x00007ff82a260000 - 0x00007ff82a9a5000 	C:\Windows\System32\SHELL32.dll
0x00007ff8278d0000 - 0x00007ff82806b000 	C:\Windows\SYSTEM32\windows.storage.dll
0x00007ff82ab70000 - 0x00007ff82aec4000 	C:\Windows\System32\combase.dll
0x00007ff829230000 - 0x00007ff82925d000 	C:\Windows\SYSTEM32\Wldp.dll
0x00007ff82af60000 - 0x00007ff82b00d000 	C:\Windows\System32\SHCORE.dll
0x00007ff82b0e0000 - 0x00007ff82b135000 	C:\Windows\System32\shlwapi.dll
0x00007ff829810000 - 0x00007ff829835000 	C:\Windows\SYSTEM32\profapi.dll
0x00007ffff9720000 - 0x00007ffff9738000 	C:\Program Files\Microsoft\jdk-17.0.8.7-hotspot\bin\zip.dll
0x00007ff805220000 - 0x00007ff805239000 	C:\Program Files\Microsoft\jdk-17.0.8.7-hotspot\bin\net.dll
0x00007ff827600000 - 0x00007ff82770a000 	C:\Windows\SYSTEM32\WINHTTP.dll
0x00007ff829010000 - 0x00007ff82907a000 	C:\Windows\system32\mswsock.dll
0x00007ff800170000 - 0x00007ff800186000 	C:\Program Files\Microsoft\jdk-17.0.8.7-hotspot\bin\nio.dll
0x00007ff80ef30000 - 0x00007ff80ef40000 	C:\Program Files\Microsoft\jdk-17.0.8.7-hotspot\bin\verify.dll
0x00007ffff96f0000 - 0x00007ffff9717000 	C:\Users\aliaz\.gradle\native\68d5fa5c4cc2d200863cafc0d521ce42e7d3e7ee720ec0a83991735586a16f82\windows-amd64\native-platform.dll
0x00007fffec800000 - 0x00007fffec944000 	C:\Users\aliaz\.gradle\native\e376f236ea51e6404a007f0833ffe2c6e607c4080706a723a18a27aeea778392\windows-amd64\native-platform-file-events.dll
0x00007ff80dc40000 - 0x00007ff80dc49000 	C:\Program Files\Microsoft\jdk-17.0.8.7-hotspot\bin\management.dll
0x00007ff80dbd0000 - 0x00007ff80dbdb000 	C:\Program Files\Microsoft\jdk-17.0.8.7-hotspot\bin\management_ext.dll
0x00007ff82ab60000 - 0x00007ff82ab68000 	C:\Windows\System32\PSAPI.DLL
0x00007ff829270000 - 0x00007ff829288000 	C:\Windows\SYSTEM32\CRYPTSP.dll
0x00007ff8288f0000 - 0x00007ff828924000 	C:\Windows\system32\rsaenh.dll
0x00007ff8297d0000 - 0x00007ff8297fe000 	C:\Windows\SYSTEM32\USERENV.dll
0x00007ff8291a0000 - 0x00007ff8291ac000 	C:\Windows\SYSTEM32\CRYPTBASE.dll
0x00007ff828cd0000 - 0x00007ff828d0b000 	C:\Windows\SYSTEM32\IPHLPAPI.DLL
0x00007ff82a9d0000 - 0x00007ff82a9d8000 	C:\Windows\System32\NSI.dll
0x00007ff81f6f0000 - 0x00007ff81f707000 	C:\Windows\SYSTEM32\dhcpcsvc6.DLL
0x00007ff81f6b0000 - 0x00007ff81f6cd000 	C:\Windows\SYSTEM32\dhcpcsvc.DLL
0x00007ff828d20000 - 0x00007ff828dea000 	C:\Windows\SYSTEM32\DNSAPI.dll
0x00007ff80c0d0000 - 0x00007ff80c0de000 	C:\Program Files\Microsoft\jdk-17.0.8.7-hotspot\bin\sunmscapi.dll
0x00007ff829ce0000 - 0x00007ff829e3d000 	C:\Windows\System32\CRYPT32.dll
0x00007ff829380000 - 0x00007ff8293a8000 	C:\Windows\SYSTEM32\ncrypt.dll
0x00007ff829340000 - 0x00007ff82937b000 	C:\Windows\SYSTEM32\NTASN1.dll
0x00007fffe3540000 - 0x00007fffe3547000 	C:\Windows\system32\wshunix.dll
0x00007ff805d50000 - 0x00007ff805d67000 	C:\Windows\system32\napinsp.dll
0x00007ff805d30000 - 0x00007ff805d4b000 	C:\Windows\system32\pnrpnsp.dll
0x00007ff824330000 - 0x00007ff824345000 	C:\Windows\system32\wshbth.dll
0x00007ff824e20000 - 0x00007ff824e3d000 	C:\Windows\system32\NLAapi.dll
0x00007ff8051a0000 - 0x00007ff8051b2000 	C:\Windows\System32\winrnr.dll
0x00007ff816750000 - 0x00007ff81675a000 	C:\Windows\System32\rasadhlp.dll
0x00007ff81a3c0000 - 0x00007ff81a440000 	C:\Windows\System32\fwpuclnt.dll

dbghelp: loaded successfully - version: 4.0.5 - missing functions: none
symbol engine: initialized successfully - sym options: 0x614 - pdb path: .;C:\Program Files\Microsoft\jdk-17.0.8.7-hotspot\bin;C:\Windows\SYSTEM32;C:\Windows\WinSxS\amd64_microsoft.windows.common-controls_6595b64144ccf1df_6.0.19041.3636_none_60b6a03d71f818d5;C:\Program Files\Microsoft\jdk-17.0.8.7-hotspot\bin\server;C:\Users\aliaz\.gradle\native\68d5fa5c4cc2d200863cafc0d521ce42e7d3e7ee720ec0a83991735586a16f82\windows-amd64;C:\Users\aliaz\.gradle\native\e376f236ea51e6404a007f0833ffe2c6e607c4080706a723a18a27aeea778392\windows-amd64

VM Arguments:
jvm_args: -XX:MaxMetaspaceSize=512m --add-opens=java.base/java.util=ALL-UNNAMED --add-opens=java.base/java.lang=ALL-UNNAMED --add-opens=java.base/java.lang.invoke=ALL-UNNAMED --add-opens=java.prefs/java.util.prefs=ALL-UNNAMED --add-opens=java.base/java.nio.charset=ALL-UNNAMED --add-opens=java.base/java.net=ALL-UNNAMED --add-opens=java.base/java.util.concurrent.atomic=ALL-UNNAMED -Xmx2048m -Dfile.encoding=windows-1252 -Duser.country=US -Duser.language=en -Duser.variant -javaagent:C:\Users\aliaz\.gradle\wrapper\dists\gradle-8.3-all\6en3ugtfdg5xnpx44z4qbwgas\gradle-8.3\lib\agents\gradle-instrumentation-agent-8.3.jar 
java_command: org.gradle.launcher.daemon.bootstrap.GradleDaemon 8.3
java_class_path (initial): C:\Users\aliaz\.gradle\wrapper\dists\gradle-8.3-all\6en3ugtfdg5xnpx44z4qbwgas\gradle-8.3\lib\gradle-launcher-8.3.jar
Launcher Type: SUN_STANDARD

[Global flags]
     intx CICompilerCount                          = 3                                         {product} {ergonomic}
   size_t CompressedClassSpaceSize                 = 436207616                                 {product} {ergonomic}
     uint ConcGCThreads                            = 1                                         {product} {ergonomic}
     uint G1ConcRefinementThreads                  = 4                                         {product} {ergonomic}
   size_t G1HeapRegionSize                         = 1048576                                   {product} {ergonomic}
    uintx GCDrainStackTargetSize                   = 64                                        {product} {ergonomic}
   size_t InitialHeapSize                          = 134217728                                 {product} {ergonomic}
   size_t MarkStackSize                            = 4194304                                   {product} {ergonomic}
   size_t MaxHeapSize                              = 2147483648                                {product} {command line}
   size_t MaxMetaspaceSize                         = 536870912                                 {product} {command line}
   size_t MaxNewSize                               = 1287651328                                {product} {ergonomic}
   size_t MinHeapDeltaBytes                        = 1048576                                   {product} {ergonomic}
   size_t MinHeapSize                              = 8388608                                   {product} {ergonomic}
    uintx NonNMethodCodeHeapSize                   = 5832780                                {pd product} {ergonomic}
    uintx NonProfiledCodeHeapSize                  = 122912730                              {pd product} {ergonomic}
    uintx ProfiledCodeHeapSize                     = 122912730                              {pd product} {ergonomic}
    uintx ReservedCodeCacheSize                    = 251658240                              {pd product} {ergonomic}
     bool SegmentedCodeCache                       = true                                      {product} {ergonomic}
   size_t SoftMaxHeapSize                          = 2147483648                             {manageable} {ergonomic}
     bool UseCompressedClassPointers               = true                           {product lp64_product} {ergonomic}
     bool UseCompressedOops                        = true                           {product lp64_product} {ergonomic}
     bool UseG1GC                                  = true                                      {product} {ergonomic}
     bool UseLargePagesIndividualAllocation        = false                                  {pd product} {ergonomic}

Logging:
Log output configuration:
 #0: stdout all=warning uptime,level,tags
 #1: stderr all=off uptime,level,tags

Environment Variables:
JAVA_HOME=C:\Program Files\Microsoft\jdk-17.0.8.7-hotspot\
CLASSPATH=E:\Learn\React-Native\CLI\android\\gradle\wrapper\gradle-wrapper.jar
PATH=E:\Learn\React-Native\CLI\node_modules\.bin;E:\Learn\React-Native\CLI\node_modules\.bin;E:\Learn\React-Native\node_modules\.bin;E:\Learn\node_modules\.bin;E:\node_modules\.bin;C:\Users\aliaz\AppData\Roaming\npm\node_modules\npm\node_modules\@npmcli\run-script\lib\node-gyp-bin;E:\Learn\React-Native\CLI\node_modules\.bin;E:\Learn\React-Native\node_modules\.bin;E:\Learn\node_modules\.bin;E:\node_modules\.bin;C:\Users\aliaz\AppData\Roaming\npm\node_modules\npm\node_modules\@npmcli\run-script\lib\node-gyp-bin;C:\Program Files\Microsoft\jdk-17.0.8.7-hotspot\bin;C:\Program Files\Python312\Scripts\;C:\Program Files\Python312\;C:\Windows\system32;C:\Windows;C:\Windows\System32\Wbem;C:\Windows\System32\WindowsPowerShell\v1.0\;C:\Windows\System32\OpenSSH\;C:\Program Files\dotnet\;C:\Program Files\IDM Computer Solutions\UltraCompare;C:\Program Files\Git\cmd;C:\Program Files\nodejs\;C:\ProgramData\chocolatey\bin;C:\Users\aliaz\AppData\Local\Microsoft\WindowsApps;C:\Users\aliaz\AppData\Local\Programs\Microsoft VS Code\bin;C:\Users\aliaz\AppData\Roaming\npm;C:\msys64\ucrt64\bin;C:\Users\aliaz\AppData\Local\Android\Sdk;C:\Users\aliaz\AppData\Local\Android\Sdk\emulator;C:\Users\aliaz\AppData\Local\Android\Sdk\platform-tools;
USERNAME=aliaz
OS=Windows_NT
PROCESSOR_IDENTIFIER=Intel64 Family 6 Model 78 Stepping 3, GenuineIntel
TMP=C:\Users\aliaz\AppData\Local\Temp
TEMP=C:\Users\aliaz\AppData\Local\Temp



---------------  S Y S T E M  ---------------

OS:
 Windows 10 , 64 bit Build 19041 (10.0.19041.3636)
OS uptime: 0 days 1:41 hours
Hyper-V role detected

CPU: total 4 (initial active 4) (2 cores per cpu, 2 threads per core) family 6 model 78 stepping 3 microcode 0xf0, cx8, cmov, fxsr, ht, mmx, 3dnowpref, sse, sse2, sse3, ssse3, sse4.1, sse4.2, popcnt, lzcnt, tsc, tscinvbit, avx, avx2, aes, erms, clmul, bmi1, bmi2, rtm, adx, fma, vzeroupper, clflush, clflushopt, hv
Processor Information for all 4 processors :
  Max Mhz: 2808, Current Mhz: 802, Mhz Limit: 786

Memory: 4k page, system-wide physical 8067M (646M free)
TotalPageFile size 14344M (AvailPageFile size 3010M)
current process WorkingSet (physical memory assigned to process): 464M, peak: 472M
current process commit charge ("private bytes"): 502M, peak: 510M

vm_info: OpenJDK 64-Bit Server VM (17.0.8+7-LTS) for windows-amd64 JRE (17.0.8+7-LTS), built on Jul  7 2023 17:21:55 by "MicrosoftCorporation" with MS VC++ 16.10 / 16.11 (VS2019)

END.
